The system is: Linux - 4.2.0-27-generic - x86_64
Compiling the C compiler identification source file "CMakeCCompilerId.c" succeeded.
Compiler: /usr/bin/gcc 
Build flags: ;-m32
Id flags: 

The output was:
0


Compilation of the C compiler identification source "CMakeCCompilerId.c" produced "a.out"

The C compiler identification is GNU, found in "/home/cjmuise/Projects/FD/builds/release32/CMakeFiles/3.2.2/CompilerIdC/a.out"

Compiling the CXX compiler identification source file "CMakeCXXCompilerId.cpp" succeeded.
Compiler: /usr/bin/g++ 
Build flags: ;-m32
Id flags: 

The output was:
0


Compilation of the CXX compiler identification source "CMakeCXXCompilerId.cpp" produced "a.out"

The CXX compiler identification is GNU, found in "/home/cjmuise/Projects/FD/builds/release32/CMakeFiles/3.2.2/CompilerIdCXX/a.out"

Determining if the C compiler works passed with the following output:
Change Dir: /home/cjmuise/Projects/FD/builds/release32/CMakeFiles/CMakeTmp

Run Build Command:"/usr/bin/make" "cmTryCompileExec1882790237/fast"
/usr/bin/make -f CMakeFiles/cmTryCompileExec1882790237.dir/build.make CMakeFiles/cmTryCompileExec1882790237.dir/build
make[1]: Entering directory '/home/cjmuise/Projects/FD/builds/release32/CMakeFiles/CMakeTmp'
/usr/bin/cmake -E cmake_progress_report /home/cjmuise/Projects/FD/builds/release32/CMakeFiles/CMakeTmp/CMakeFiles 1
Building C object CMakeFiles/cmTryCompileExec1882790237.dir/testCCompiler.c.o
/usr/bin/gcc   -m32    -o CMakeFiles/cmTryCompileExec1882790237.dir/testCCompiler.c.o   -c /home/cjmuise/Projects/FD/builds/release32/CMakeFiles/CMakeTmp/testCCompiler.c
Linking C executable cmTryCompileExec1882790237
/usr/bin/cmake -E cmake_link_script CMakeFiles/cmTryCompileExec1882790237.dir/link.txt --verbose=1
/usr/bin/gcc   -m32     CMakeFiles/cmTryCompileExec1882790237.dir/testCCompiler.c.o  -o cmTryCompileExec1882790237 -rdynamic 
make[1]: Leaving directory '/home/cjmuise/Projects/FD/builds/release32/CMakeFiles/CMakeTmp'


Detecting C compiler ABI info compiled with the following output:
Change Dir: /home/cjmuise/Projects/FD/builds/release32/CMakeFiles/CMakeTmp

Run Build Command:"/usr/bin/make" "cmTryCompileExec2517421908/fast"
/usr/bin/make -f CMakeFiles/cmTryCompileExec2517421908.dir/build.make CMakeFiles/cmTryCompileExec2517421908.dir/build
make[1]: Entering directory '/home/cjmuise/Projects/FD/builds/release32/CMakeFiles/CMakeTmp'
/usr/bin/cmake -E cmake_progress_report /home/cjmuise/Projects/FD/builds/release32/CMakeFiles/CMakeTmp/CMakeFiles 1
Building C object CMakeFiles/cmTryCompileExec2517421908.dir/CMakeCCompilerABI.c.o
/usr/bin/gcc   -m32    -o CMakeFiles/cmTryCompileExec2517421908.dir/CMakeCCompilerABI.c.o   -c /usr/share/cmake-3.2/Modules/CMakeCCompilerABI.c
Linking C executable cmTryCompileExec2517421908
/usr/bin/cmake -E cmake_link_script CMakeFiles/cmTryCompileExec2517421908.dir/link.txt --verbose=1
/usr/bin/gcc   -m32    -v CMakeFiles/cmTryCompileExec2517421908.dir/CMakeCCompilerABI.c.o  -o cmTryCompileExec2517421908 -rdynamic  
Using built-in specs.
COLLECT_GCC=/usr/bin/gcc
COLLECT_LTO_WRAPPER=/usr/lib/gcc/x86_64-linux-gnu/5/lto-wrapper
Target: x86_64-linux-gnu
Configured with: ../src/configure -v --with-pkgversion='Ubuntu 5.2.1-22ubuntu2' --with-bugurl=file:///usr/share/doc/gcc-5/README.Bugs --enable-languages=c,ada,c++,java,go,d,fortran,objc,obj-c++ --prefix=/usr --program-suffix=-5 --enable-shared --enable-linker-build-id --libexecdir=/usr/lib --without-included-gettext --enable-threads=posix --libdir=/usr/lib --enable-nls --with-sysroot=/ --enable-clocale=gnu --enable-libstdcxx-debug --enable-libstdcxx-time=yes --with-default-libstdcxx-abi=new --enable-gnu-unique-object --disable-vtable-verify --enable-libmpx --enable-plugin --with-system-zlib --disable-browser-plugin --enable-java-awt=gtk --enable-gtk-cairo --with-java-home=/usr/lib/jvm/java-1.5.0-gcj-5-amd64/jre --enable-java-home --with-jvm-root-dir=/usr/lib/jvm/java-1.5.0-gcj-5-amd64 --with-jvm-jar-dir=/usr/lib/jvm-exports/java-1.5.0-gcj-5-amd64 --with-arch-directory=amd64 --with-ecj-jar=/usr/share/java/eclipse-ecj.jar --enable-objc-gc --enable-multiarch --disable-werror --with-arch-32=i686 --with-abi=m64 --with-multilib-list=m32,m64,mx32 --enable-multilib --with-tune=generic --enable-checking=release --build=x86_64-linux-gnu --host=x86_64-linux-gnu --target=x86_64-linux-gnu
Thread model: posix
gcc version 5.2.1 20151010 (Ubuntu 5.2.1-22ubuntu2) 
COMPILER_PATH=/usr/lib/gcc/x86_64-linux-gnu/5/:/usr/lib/gcc/x86_64-linux-gnu/5/:/usr/lib/gcc/x86_64-linux-gnu/:/usr/lib/gcc/x86_64-linux-gnu/5/:/usr/lib/gcc/x86_64-linux-gnu/
LIBRARY_PATH=/usr/lib/gcc/x86_64-linux-gnu/5/32/:/usr/lib/gcc/x86_64-linux-gnu/5/../../../i386-linux-gnu/:/usr/lib/gcc/x86_64-linux-gnu/5/../../../../lib32/:/lib/i386-linux-gnu/:/lib/../lib32/:/usr/lib/i386-linux-gnu/:/usr/lib/../lib32/:/usr/lib/gcc/x86_64-linux-gnu/5/:/usr/lib/gcc/x86_64-linux-gnu/5/../../../i386-linux-gnu/:/usr/lib/gcc/x86_64-linux-gnu/5/../../../:/lib/i386-linux-gnu/:/lib/:/usr/lib/i386-linux-gnu/:/usr/lib/
COLLECT_GCC_OPTIONS='-m32' '-v' '-o' 'cmTryCompileExec2517421908' '-rdynamic' '-mtune=generic' '-march=i686'
 /usr/lib/gcc/x86_64-linux-gnu/5/collect2 -plugin /usr/lib/gcc/x86_64-linux-gnu/5/liblto_plugin.so -plugin-opt=/usr/lib/gcc/x86_64-linux-gnu/5/lto-wrapper -plugin-opt=-fresolution=/tmp/cczCxb1Z.res -plugin-opt=-pass-through=-lgcc -plugin-opt=-pass-through=-lgcc_s -plugin-opt=-pass-through=-lc -plugin-opt=-pass-through=-lgcc -plugin-opt=-pass-through=-lgcc_s --sysroot=/ --build-id --eh-frame-hdr -m elf_i386 --hash-style=gnu --as-needed -export-dynamic -dynamic-linker /lib/ld-linux.so.2 -z relro -o cmTryCompileExec2517421908 /usr/lib/gcc/x86_64-linux-gnu/5/../../../../lib32/crt1.o /usr/lib/gcc/x86_64-linux-gnu/5/../../../../lib32/crti.o /usr/lib/gcc/x86_64-linux-gnu/5/32/crtbegin.o -L/usr/lib/gcc/x86_64-linux-gnu/5/32 -L/usr/lib/gcc/x86_64-linux-gnu/5/../../../i386-linux-gnu -L/usr/lib/gcc/x86_64-linux-gnu/5/../../../../lib32 -L/lib/i386-linux-gnu -L/lib/../lib32 -L/usr/lib/i386-linux-gnu -L/usr/lib/../lib32 -L/usr/lib/gcc/x86_64-linux-gnu/5 -L/usr/lib/gcc/x86_64-linux-gnu/5/../../../i386-linux-gnu -L/usr/lib/gcc/x86_64-linux-gnu/5/../../.. -L/lib/i386-linux-gnu -L/usr/lib/i386-linux-gnu CMakeFiles/cmTryCompileExec2517421908.dir/CMakeCCompilerABI.c.o -lgcc --as-needed -lgcc_s --no-as-needed -lc -lgcc --as-needed -lgcc_s --no-as-needed /usr/lib/gcc/x86_64-linux-gnu/5/32/crtend.o /usr/lib/gcc/x86_64-linux-gnu/5/../../../../lib32/crtn.o
make[1]: Leaving directory '/home/cjmuise/Projects/FD/builds/release32/CMakeFiles/CMakeTmp'


Parsed C implicit link information from above output:
  link line regex: [^( *|.*[/\])(ld|([^/\]+-)?ld|collect2)[^/\]*( |$)]
  ignore line: [Change Dir: /home/cjmuise/Projects/FD/builds/release32/CMakeFiles/CMakeTmp]
  ignore line: []
  ignore line: [Run Build Command:"/usr/bin/make" "cmTryCompileExec2517421908/fast"]
  ignore line: [/usr/bin/make -f CMakeFiles/cmTryCompileExec2517421908.dir/build.make CMakeFiles/cmTryCompileExec2517421908.dir/build]
  ignore line: [make[1]: Entering directory '/home/cjmuise/Projects/FD/builds/release32/CMakeFiles/CMakeTmp']
  ignore line: [/usr/bin/cmake -E cmake_progress_report /home/cjmuise/Projects/FD/builds/release32/CMakeFiles/CMakeTmp/CMakeFiles 1]
  ignore line: [Building C object CMakeFiles/cmTryCompileExec2517421908.dir/CMakeCCompilerABI.c.o]
  ignore line: [/usr/bin/gcc   -m32    -o CMakeFiles/cmTryCompileExec2517421908.dir/CMakeCCompilerABI.c.o   -c /usr/share/cmake-3.2/Modules/CMakeCCompilerABI.c]
  ignore line: [Linking C executable cmTryCompileExec2517421908]
  ignore line: [/usr/bin/cmake -E cmake_link_script CMakeFiles/cmTryCompileExec2517421908.dir/link.txt --verbose=1]
  ignore line: [/usr/bin/gcc   -m32    -v CMakeFiles/cmTryCompileExec2517421908.dir/CMakeCCompilerABI.c.o  -o cmTryCompileExec2517421908 -rdynamic  ]
  ignore line: [Using built-in specs.]
  ignore line: [COLLECT_GCC=/usr/bin/gcc]
  ignore line: [COLLECT_LTO_WRAPPER=/usr/lib/gcc/x86_64-linux-gnu/5/lto-wrapper]
  ignore line: [Target: x86_64-linux-gnu]
  ignore line: [Configured with: ../src/configure -v --with-pkgversion='Ubuntu 5.2.1-22ubuntu2' --with-bugurl=file:///usr/share/doc/gcc-5/README.Bugs --enable-languages=c,ada,c++,java,go,d,fortran,objc,obj-c++ --prefix=/usr --program-suffix=-5 --enable-shared --enable-linker-build-id --libexecdir=/usr/lib --without-included-gettext --enable-threads=posix --libdir=/usr/lib --enable-nls --with-sysroot=/ --enable-clocale=gnu --enable-libstdcxx-debug --enable-libstdcxx-time=yes --with-default-libstdcxx-abi=new --enable-gnu-unique-object --disable-vtable-verify --enable-libmpx --enable-plugin --with-system-zlib --disable-browser-plugin --enable-java-awt=gtk --enable-gtk-cairo --with-java-home=/usr/lib/jvm/java-1.5.0-gcj-5-amd64/jre --enable-java-home --with-jvm-root-dir=/usr/lib/jvm/java-1.5.0-gcj-5-amd64 --with-jvm-jar-dir=/usr/lib/jvm-exports/java-1.5.0-gcj-5-amd64 --with-arch-directory=amd64 --with-ecj-jar=/usr/share/java/eclipse-ecj.jar --enable-objc-gc --enable-multiarch --disable-werror --with-arch-32=i686 --with-abi=m64 --with-multilib-list=m32,m64,mx32 --enable-multilib --with-tune=generic --enable-checking=release --build=x86_64-linux-gnu --host=x86_64-linux-gnu --target=x86_64-linux-gnu]
  ignore line: [Thread model: posix]
  ignore line: [gcc version 5.2.1 20151010 (Ubuntu 5.2.1-22ubuntu2) ]
  ignore line: [COMPILER_PATH=/usr/lib/gcc/x86_64-linux-gnu/5/:/usr/lib/gcc/x86_64-linux-gnu/5/:/usr/lib/gcc/x86_64-linux-gnu/:/usr/lib/gcc/x86_64-linux-gnu/5/:/usr/lib/gcc/x86_64-linux-gnu/]
  ignore line: [LIBRARY_PATH=/usr/lib/gcc/x86_64-linux-gnu/5/32/:/usr/lib/gcc/x86_64-linux-gnu/5/../../../i386-linux-gnu/:/usr/lib/gcc/x86_64-linux-gnu/5/../../../../lib32/:/lib/i386-linux-gnu/:/lib/../lib32/:/usr/lib/i386-linux-gnu/:/usr/lib/../lib32/:/usr/lib/gcc/x86_64-linux-gnu/5/:/usr/lib/gcc/x86_64-linux-gnu/5/../../../i386-linux-gnu/:/usr/lib/gcc/x86_64-linux-gnu/5/../../../:/lib/i386-linux-gnu/:/lib/:/usr/lib/i386-linux-gnu/:/usr/lib/]
  ignore line: [COLLECT_GCC_OPTIONS='-m32' '-v' '-o' 'cmTryCompileExec2517421908' '-rdynamic' '-mtune=generic' '-march=i686']
  link line: [ /usr/lib/gcc/x86_64-linux-gnu/5/collect2 -plugin /usr/lib/gcc/x86_64-linux-gnu/5/liblto_plugin.so -plugin-opt=/usr/lib/gcc/x86_64-linux-gnu/5/lto-wrapper -plugin-opt=-fresolution=/tmp/cczCxb1Z.res -plugin-opt=-pass-through=-lgcc -plugin-opt=-pass-through=-lgcc_s -plugin-opt=-pass-through=-lc -plugin-opt=-pass-through=-lgcc -plugin-opt=-pass-through=-lgcc_s --sysroot=/ --build-id --eh-frame-hdr -m elf_i386 --hash-style=gnu --as-needed -export-dynamic -dynamic-linker /lib/ld-linux.so.2 -z relro -o cmTryCompileExec2517421908 /usr/lib/gcc/x86_64-linux-gnu/5/../../../../lib32/crt1.o /usr/lib/gcc/x86_64-linux-gnu/5/../../../../lib32/crti.o /usr/lib/gcc/x86_64-linux-gnu/5/32/crtbegin.o -L/usr/lib/gcc/x86_64-linux-gnu/5/32 -L/usr/lib/gcc/x86_64-linux-gnu/5/../../../i386-linux-gnu -L/usr/lib/gcc/x86_64-linux-gnu/5/../../../../lib32 -L/lib/i386-linux-gnu -L/lib/../lib32 -L/usr/lib/i386-linux-gnu -L/usr/lib/../lib32 -L/usr/lib/gcc/x86_64-linux-gnu/5 -L/usr/lib/gcc/x86_64-linux-gnu/5/../../../i386-linux-gnu -L/usr/lib/gcc/x86_64-linux-gnu/5/../../.. -L/lib/i386-linux-gnu -L/usr/lib/i386-linux-gnu CMakeFiles/cmTryCompileExec2517421908.dir/CMakeCCompilerABI.c.o -lgcc --as-needed -lgcc_s --no-as-needed -lc -lgcc --as-needed -lgcc_s --no-as-needed /usr/lib/gcc/x86_64-linux-gnu/5/32/crtend.o /usr/lib/gcc/x86_64-linux-gnu/5/../../../../lib32/crtn.o]
    arg [/usr/lib/gcc/x86_64-linux-gnu/5/collect2] ==> ignore
    arg [-plugin] ==> ignore
    arg [/usr/lib/gcc/x86_64-linux-gnu/5/liblto_plugin.so] ==> ignore
    arg [-plugin-opt=/usr/lib/gcc/x86_64-linux-gnu/5/lto-wrapper] ==> ignore
    arg [-plugin-opt=-fresolution=/tmp/cczCxb1Z.res] ==> ignore
    arg [-plugin-opt=-pass-through=-lgcc] ==> ignore
    arg [-plugin-opt=-pass-through=-lgcc_s] ==> ignore
    arg [-plugin-opt=-pass-through=-lc] ==> ignore
    arg [-plugin-opt=-pass-through=-lgcc] ==> ignore
    arg [-plugin-opt=-pass-through=-lgcc_s] ==> ignore
    arg [--sysroot=/] ==> ignore
    arg [--build-id] ==> ignore
    arg [--eh-frame-hdr] ==> ignore
    arg [-m] ==> ignore
    arg [elf_i386] ==> ignore
    arg [--hash-style=gnu] ==> ignore
    arg [--as-needed] ==> ignore
    arg [-export-dynamic] ==> ignore
    arg [-dynamic-linker] ==> ignore
    arg [/lib/ld-linux.so.2] ==> ignore
    arg [-zrelro] ==> ignore
    arg [-o] ==> ignore
    arg [cmTryCompileExec2517421908] ==> ignore
    arg [/usr/lib/gcc/x86_64-linux-gnu/5/../../../../lib32/crt1.o] ==> ignore
    arg [/usr/lib/gcc/x86_64-linux-gnu/5/../../../../lib32/crti.o] ==> ignore
    arg [/usr/lib/gcc/x86_64-linux-gnu/5/32/crtbegin.o] ==> ignore
    arg [-L/usr/lib/gcc/x86_64-linux-gnu/5/32] ==> dir [/usr/lib/gcc/x86_64-linux-gnu/5/32]
    arg [-L/usr/lib/gcc/x86_64-linux-gnu/5/../../../i386-linux-gnu] ==> dir [/usr/lib/gcc/x86_64-linux-gnu/5/../../../i386-linux-gnu]
    arg [-L/usr/lib/gcc/x86_64-linux-gnu/5/../../../../lib32] ==> dir [/usr/lib/gcc/x86_64-linux-gnu/5/../../../../lib32]
    arg [-L/lib/i386-linux-gnu] ==> dir [/lib/i386-linux-gnu]
    arg [-L/lib/../lib32] ==> dir [/lib/../lib32]
    arg [-L/usr/lib/i386-linux-gnu] ==> dir [/usr/lib/i386-linux-gnu]
    arg [-L/usr/lib/../lib32] ==> dir [/usr/lib/../lib32]
    arg [-L/usr/lib/gcc/x86_64-linux-gnu/5] ==> dir [/usr/lib/gcc/x86_64-linux-gnu/5]
    arg [-L/usr/lib/gcc/x86_64-linux-gnu/5/../../../i386-linux-gnu] ==> dir [/usr/lib/gcc/x86_64-linux-gnu/5/../../../i386-linux-gnu]
    arg [-L/usr/lib/gcc/x86_64-linux-gnu/5/../../..] ==> dir [/usr/lib/gcc/x86_64-linux-gnu/5/../../..]
    arg [-L/lib/i386-linux-gnu] ==> dir [/lib/i386-linux-gnu]
    arg [-L/usr/lib/i386-linux-gnu] ==> dir [/usr/lib/i386-linux-gnu]
    arg [CMakeFiles/cmTryCompileExec2517421908.dir/CMakeCCompilerABI.c.o] ==> ignore
    arg [-lgcc] ==> lib [gcc]
    arg [--as-needed] ==> ignore
    arg [-lgcc_s] ==> lib [gcc_s]
    arg [--no-as-needed] ==> ignore
    arg [-lc] ==> lib [c]
    arg [-lgcc] ==> lib [gcc]
    arg [--as-needed] ==> ignore
    arg [-lgcc_s] ==> lib [gcc_s]
    arg [--no-as-needed] ==> ignore
    arg [/usr/lib/gcc/x86_64-linux-gnu/5/32/crtend.o] ==> ignore
    arg [/usr/lib/gcc/x86_64-linux-gnu/5/../../../../lib32/crtn.o] ==> ignore
  remove lib [gcc]
  remove lib [gcc_s]
  remove lib [gcc]
  remove lib [gcc_s]
  collapse library dir [/usr/lib/gcc/x86_64-linux-gnu/5/32] ==> [/usr/lib/gcc/x86_64-linux-gnu/5/32]
  collapse library dir [/usr/lib/gcc/x86_64-linux-gnu/5/../../../i386-linux-gnu] ==> [/usr/lib/i386-linux-gnu]
  collapse library dir [/usr/lib/gcc/x86_64-linux-gnu/5/../../../../lib32] ==> [/usr/lib32]
  collapse library dir [/lib/i386-linux-gnu] ==> [/lib/i386-linux-gnu]
  collapse library dir [/lib/../lib32] ==> [/lib32]
  collapse library dir [/usr/lib/i386-linux-gnu] ==> [/usr/lib/i386-linux-gnu]
  collapse library dir [/usr/lib/../lib32] ==> [/usr/lib32]
  collapse library dir [/usr/lib/gcc/x86_64-linux-gnu/5] ==> [/usr/lib/gcc/x86_64-linux-gnu/5]
  collapse library dir [/usr/lib/gcc/x86_64-linux-gnu/5/../../../i386-linux-gnu] ==> [/usr/lib/i386-linux-gnu]
  collapse library dir [/usr/lib/gcc/x86_64-linux-gnu/5/../../..] ==> [/usr/lib]
  collapse library dir [/lib/i386-linux-gnu] ==> [/lib/i386-linux-gnu]
  collapse library dir [/usr/lib/i386-linux-gnu] ==> [/usr/lib/i386-linux-gnu]
  implicit libs: [c]
  implicit dirs: [/usr/lib/gcc/x86_64-linux-gnu/5/32;/usr/lib/i386-linux-gnu;/usr/lib32;/lib/i386-linux-gnu;/lib32;/usr/lib/gcc/x86_64-linux-gnu/5;/usr/lib]
  implicit fwks: []




Detecting C [-std=c11] compiler features compiled with the following output:
Change Dir: /home/cjmuise/Projects/FD/builds/release32/CMakeFiles/CMakeTmp

Run Build Command:"/usr/bin/make" "cmTryCompileExec3002939035/fast"
/usr/bin/make -f CMakeFiles/cmTryCompileExec3002939035.dir/build.make CMakeFiles/cmTryCompileExec3002939035.dir/build
make[1]: Entering directory '/home/cjmuise/Projects/FD/builds/release32/CMakeFiles/CMakeTmp'
/usr/bin/cmake -E cmake_progress_report /home/cjmuise/Projects/FD/builds/release32/CMakeFiles/CMakeTmp/CMakeFiles 1
Building C object CMakeFiles/cmTryCompileExec3002939035.dir/feature_tests.c.o
/usr/bin/gcc   -m32    -std=c11 -o CMakeFiles/cmTryCompileExec3002939035.dir/feature_tests.c.o   -c /home/cjmuise/Projects/FD/builds/release32/CMakeFiles/feature_tests.c
Linking C executable cmTryCompileExec3002939035
/usr/bin/cmake -E cmake_link_script CMakeFiles/cmTryCompileExec3002939035.dir/link.txt --verbose=1
/usr/bin/gcc   -m32     CMakeFiles/cmTryCompileExec3002939035.dir/feature_tests.c.o  -o cmTryCompileExec3002939035 -rdynamic 
make[1]: Leaving directory '/home/cjmuise/Projects/FD/builds/release32/CMakeFiles/CMakeTmp'


    Feature record: C_FEATURE:1c_function_prototypes
    Feature record: C_FEATURE:1c_restrict
    Feature record: C_FEATURE:1c_static_assert
    Feature record: C_FEATURE:1c_variadic_macros


Detecting C [-std=c99] compiler features compiled with the following output:
Change Dir: /home/cjmuise/Projects/FD/builds/release32/CMakeFiles/CMakeTmp

Run Build Command:"/usr/bin/make" "cmTryCompileExec1734910578/fast"
/usr/bin/make -f CMakeFiles/cmTryCompileExec1734910578.dir/build.make CMakeFiles/cmTryCompileExec1734910578.dir/build
make[1]: Entering directory '/home/cjmuise/Projects/FD/builds/release32/CMakeFiles/CMakeTmp'
/usr/bin/cmake -E cmake_progress_report /home/cjmuise/Projects/FD/builds/release32/CMakeFiles/CMakeTmp/CMakeFiles 1
Building C object CMakeFiles/cmTryCompileExec1734910578.dir/feature_tests.c.o
/usr/bin/gcc   -m32    -std=c99 -o CMakeFiles/cmTryCompileExec1734910578.dir/feature_tests.c.o   -c /home/cjmuise/Projects/FD/builds/release32/CMakeFiles/feature_tests.c
Linking C executable cmTryCompileExec1734910578
/usr/bin/cmake -E cmake_link_script CMakeFiles/cmTryCompileExec1734910578.dir/link.txt --verbose=1
/usr/bin/gcc   -m32     CMakeFiles/cmTryCompileExec1734910578.dir/feature_tests.c.o  -o cmTryCompileExec1734910578 -rdynamic 
make[1]: Leaving directory '/home/cjmuise/Projects/FD/builds/release32/CMakeFiles/CMakeTmp'


    Feature record: C_FEATURE:1c_function_prototypes
    Feature record: C_FEATURE:1c_restrict
    Feature record: C_FEATURE:0c_static_assert
    Feature record: C_FEATURE:1c_variadic_macros


Detecting C [-std=c90] compiler features compiled with the following output:
Change Dir: /home/cjmuise/Projects/FD/builds/release32/CMakeFiles/CMakeTmp

Run Build Command:"/usr/bin/make" "cmTryCompileExec1899135994/fast"
/usr/bin/make -f CMakeFiles/cmTryCompileExec1899135994.dir/build.make CMakeFiles/cmTryCompileExec1899135994.dir/build
make[1]: Entering directory '/home/cjmuise/Projects/FD/builds/release32/CMakeFiles/CMakeTmp'
/usr/bin/cmake -E cmake_progress_report /home/cjmuise/Projects/FD/builds/release32/CMakeFiles/CMakeTmp/CMakeFiles 1
Building C object CMakeFiles/cmTryCompileExec1899135994.dir/feature_tests.c.o
/usr/bin/gcc   -m32    -std=c90 -o CMakeFiles/cmTryCompileExec1899135994.dir/feature_tests.c.o   -c /home/cjmuise/Projects/FD/builds/release32/CMakeFiles/feature_tests.c
Linking C executable cmTryCompileExec1899135994
/usr/bin/cmake -E cmake_link_script CMakeFiles/cmTryCompileExec1899135994.dir/link.txt --verbose=1
/usr/bin/gcc   -m32     CMakeFiles/cmTryCompileExec1899135994.dir/feature_tests.c.o  -o cmTryCompileExec1899135994 -rdynamic 
make[1]: Leaving directory '/home/cjmuise/Projects/FD/builds/release32/CMakeFiles/CMakeTmp'


    Feature record: C_FEATURE:1c_function_prototypes
    Feature record: C_FEATURE:0c_restrict
    Feature record: C_FEATURE:0c_static_assert
    Feature record: C_FEATURE:0c_variadic_macros
Determining if the CXX compiler works passed with the following output:
Change Dir: /home/cjmuise/Projects/FD/builds/release32/CMakeFiles/CMakeTmp

Run Build Command:"/usr/bin/make" "cmTryCompileExec792104497/fast"
/usr/bin/make -f CMakeFiles/cmTryCompileExec792104497.dir/build.make CMakeFiles/cmTryCompileExec792104497.dir/build
make[1]: Entering directory '/home/cjmuise/Projects/FD/builds/release32/CMakeFiles/CMakeTmp'
/usr/bin/cmake -E cmake_progress_report /home/cjmuise/Projects/FD/builds/release32/CMakeFiles/CMakeTmp/CMakeFiles 1
Building CXX object CMakeFiles/cmTryCompileExec792104497.dir/testCXXCompiler.cxx.o
/usr/bin/g++    -m32    -o CMakeFiles/cmTryCompileExec792104497.dir/testCXXCompiler.cxx.o -c /home/cjmuise/Projects/FD/builds/release32/CMakeFiles/CMakeTmp/testCXXCompiler.cxx
Linking CXX executable cmTryCompileExec792104497
/usr/bin/cmake -E cmake_link_script CMakeFiles/cmTryCompileExec792104497.dir/link.txt --verbose=1
/usr/bin/g++    -m32     CMakeFiles/cmTryCompileExec792104497.dir/testCXXCompiler.cxx.o  -o cmTryCompileExec792104497 -rdynamic 
make[1]: Leaving directory '/home/cjmuise/Projects/FD/builds/release32/CMakeFiles/CMakeTmp'


Detecting CXX compiler ABI info compiled with the following output:
Change Dir: /home/cjmuise/Projects/FD/builds/release32/CMakeFiles/CMakeTmp

Run Build Command:"/usr/bin/make" "cmTryCompileExec696293773/fast"
/usr/bin/make -f CMakeFiles/cmTryCompileExec696293773.dir/build.make CMakeFiles/cmTryCompileExec696293773.dir/build
make[1]: Entering directory '/home/cjmuise/Projects/FD/builds/release32/CMakeFiles/CMakeTmp'
/usr/bin/cmake -E cmake_progress_report /home/cjmuise/Projects/FD/builds/release32/CMakeFiles/CMakeTmp/CMakeFiles 1
Building CXX object CMakeFiles/cmTryCompileExec696293773.dir/CMakeCXXCompilerABI.cpp.o
/usr/bin/g++    -m32    -o CMakeFiles/cmTryCompileExec696293773.dir/CMakeCXXCompilerABI.cpp.o -c /usr/share/cmake-3.2/Modules/CMakeCXXCompilerABI.cpp
Linking CXX executable cmTryCompileExec696293773
/usr/bin/cmake -E cmake_link_script CMakeFiles/cmTryCompileExec696293773.dir/link.txt --verbose=1
/usr/bin/g++    -m32    -v CMakeFiles/cmTryCompileExec696293773.dir/CMakeCXXCompilerABI.cpp.o  -o cmTryCompileExec696293773 -rdynamic  
Using built-in specs.
COLLECT_GCC=/usr/bin/g++
COLLECT_LTO_WRAPPER=/usr/lib/gcc/x86_64-linux-gnu/5/lto-wrapper
Target: x86_64-linux-gnu
Configured with: ../src/configure -v --with-pkgversion='Ubuntu 5.2.1-22ubuntu2' --with-bugurl=file:///usr/share/doc/gcc-5/README.Bugs --enable-languages=c,ada,c++,java,go,d,fortran,objc,obj-c++ --prefix=/usr --program-suffix=-5 --enable-shared --enable-linker-build-id --libexecdir=/usr/lib --without-included-gettext --enable-threads=posix --libdir=/usr/lib --enable-nls --with-sysroot=/ --enable-clocale=gnu --enable-libstdcxx-debug --enable-libstdcxx-time=yes --with-default-libstdcxx-abi=new --enable-gnu-unique-object --disable-vtable-verify --enable-libmpx --enable-plugin --with-system-zlib --disable-browser-plugin --enable-java-awt=gtk --enable-gtk-cairo --with-java-home=/usr/lib/jvm/java-1.5.0-gcj-5-amd64/jre --enable-java-home --with-jvm-root-dir=/usr/lib/jvm/java-1.5.0-gcj-5-amd64 --with-jvm-jar-dir=/usr/lib/jvm-exports/java-1.5.0-gcj-5-amd64 --with-arch-directory=amd64 --with-ecj-jar=/usr/share/java/eclipse-ecj.jar --enable-objc-gc --enable-multiarch --disable-werror --with-arch-32=i686 --with-abi=m64 --with-multilib-list=m32,m64,mx32 --enable-multilib --with-tune=generic --enable-checking=release --build=x86_64-linux-gnu --host=x86_64-linux-gnu --target=x86_64-linux-gnu
Thread model: posix
gcc version 5.2.1 20151010 (Ubuntu 5.2.1-22ubuntu2) 
COMPILER_PATH=/usr/lib/gcc/x86_64-linux-gnu/5/:/usr/lib/gcc/x86_64-linux-gnu/5/:/usr/lib/gcc/x86_64-linux-gnu/:/usr/lib/gcc/x86_64-linux-gnu/5/:/usr/lib/gcc/x86_64-linux-gnu/
LIBRARY_PATH=/usr/lib/gcc/x86_64-linux-gnu/5/32/:/usr/lib/gcc/x86_64-linux-gnu/5/../../../i386-linux-gnu/:/usr/lib/gcc/x86_64-linux-gnu/5/../../../../lib32/:/lib/i386-linux-gnu/:/lib/../lib32/:/usr/lib/i386-linux-gnu/:/usr/lib/../lib32/:/usr/lib/gcc/x86_64-linux-gnu/5/:/usr/lib/gcc/x86_64-linux-gnu/5/../../../i386-linux-gnu/:/usr/lib/gcc/x86_64-linux-gnu/5/../../../:/lib/i386-linux-gnu/:/lib/:/usr/lib/i386-linux-gnu/:/usr/lib/
COLLECT_GCC_OPTIONS='-m32' '-v' '-o' 'cmTryCompileExec696293773' '-rdynamic' '-shared-libgcc' '-mtune=generic' '-march=i686'
 /usr/lib/gcc/x86_64-linux-gnu/5/collect2 -plugin /usr/lib/gcc/x86_64-linux-gnu/5/liblto_plugin.so -plugin-opt=/usr/lib/gcc/x86_64-linux-gnu/5/lto-wrapper -plugin-opt=-fresolution=/tmp/cc0jcMfh.res -plugin-opt=-pass-through=-lgcc_s -plugin-opt=-pass-through=-lgcc -plugin-opt=-pass-through=-lc -plugin-opt=-pass-through=-lgcc_s -plugin-opt=-pass-through=-lgcc --sysroot=/ --build-id --eh-frame-hdr -m elf_i386 --hash-style=gnu --as-needed -export-dynamic -dynamic-linker /lib/ld-linux.so.2 -z relro -o cmTryCompileExec696293773 /usr/lib/gcc/x86_64-linux-gnu/5/../../../../lib32/crt1.o /usr/lib/gcc/x86_64-linux-gnu/5/../../../../lib32/crti.o /usr/lib/gcc/x86_64-linux-gnu/5/32/crtbegin.o -L/usr/lib/gcc/x86_64-linux-gnu/5/32 -L/usr/lib/gcc/x86_64-linux-gnu/5/../../../i386-linux-gnu -L/usr/lib/gcc/x86_64-linux-gnu/5/../../../../lib32 -L/lib/i386-linux-gnu -L/lib/../lib32 -L/usr/lib/i386-linux-gnu -L/usr/lib/../lib32 -L/usr/lib/gcc/x86_64-linux-gnu/5 -L/usr/lib/gcc/x86_64-linux-gnu/5/../../../i386-linux-gnu -L/usr/lib/gcc/x86_64-linux-gnu/5/../../.. -L/lib/i386-linux-gnu -L/usr/lib/i386-linux-gnu CMakeFiles/cmTryCompileExec696293773.dir/CMakeCXXCompilerABI.cpp.o -lstdc++ -lm -lgcc_s -lgcc -lc -lgcc_s -lgcc /usr/lib/gcc/x86_64-linux-gnu/5/32/crtend.o /usr/lib/gcc/x86_64-linux-gnu/5/../../../../lib32/crtn.o
make[1]: Leaving directory '/home/cjmuise/Projects/FD/builds/release32/CMakeFiles/CMakeTmp'


Parsed CXX implicit link information from above output:
  link line regex: [^( *|.*[/\])(ld|([^/\]+-)?ld|collect2)[^/\]*( |$)]
  ignore line: [Change Dir: /home/cjmuise/Projects/FD/builds/release32/CMakeFiles/CMakeTmp]
  ignore line: []
  ignore line: [Run Build Command:"/usr/bin/make" "cmTryCompileExec696293773/fast"]
  ignore line: [/usr/bin/make -f CMakeFiles/cmTryCompileExec696293773.dir/build.make CMakeFiles/cmTryCompileExec696293773.dir/build]
  ignore line: [make[1]: Entering directory '/home/cjmuise/Projects/FD/builds/release32/CMakeFiles/CMakeTmp']
  ignore line: [/usr/bin/cmake -E cmake_progress_report /home/cjmuise/Projects/FD/builds/release32/CMakeFiles/CMakeTmp/CMakeFiles 1]
  ignore line: [Building CXX object CMakeFiles/cmTryCompileExec696293773.dir/CMakeCXXCompilerABI.cpp.o]
  ignore line: [/usr/bin/g++    -m32    -o CMakeFiles/cmTryCompileExec696293773.dir/CMakeCXXCompilerABI.cpp.o -c /usr/share/cmake-3.2/Modules/CMakeCXXCompilerABI.cpp]
  ignore line: [Linking CXX executable cmTryCompileExec696293773]
  ignore line: [/usr/bin/cmake -E cmake_link_script CMakeFiles/cmTryCompileExec696293773.dir/link.txt --verbose=1]
  ignore line: [/usr/bin/g++    -m32    -v CMakeFiles/cmTryCompileExec696293773.dir/CMakeCXXCompilerABI.cpp.o  -o cmTryCompileExec696293773 -rdynamic  ]
  ignore line: [Using built-in specs.]
  ignore line: [COLLECT_GCC=/usr/bin/g++]
  ignore line: [COLLECT_LTO_WRAPPER=/usr/lib/gcc/x86_64-linux-gnu/5/lto-wrapper]
  ignore line: [Target: x86_64-linux-gnu]
  ignore line: [Configured with: ../src/configure -v --with-pkgversion='Ubuntu 5.2.1-22ubuntu2' --with-bugurl=file:///usr/share/doc/gcc-5/README.Bugs --enable-languages=c,ada,c++,java,go,d,fortran,objc,obj-c++ --prefix=/usr --program-suffix=-5 --enable-shared --enable-linker-build-id --libexecdir=/usr/lib --without-included-gettext --enable-threads=posix --libdir=/usr/lib --enable-nls --with-sysroot=/ --enable-clocale=gnu --enable-libstdcxx-debug --enable-libstdcxx-time=yes --with-default-libstdcxx-abi=new --enable-gnu-unique-object --disable-vtable-verify --enable-libmpx --enable-plugin --with-system-zlib --disable-browser-plugin --enable-java-awt=gtk --enable-gtk-cairo --with-java-home=/usr/lib/jvm/java-1.5.0-gcj-5-amd64/jre --enable-java-home --with-jvm-root-dir=/usr/lib/jvm/java-1.5.0-gcj-5-amd64 --with-jvm-jar-dir=/usr/lib/jvm-exports/java-1.5.0-gcj-5-amd64 --with-arch-directory=amd64 --with-ecj-jar=/usr/share/java/eclipse-ecj.jar --enable-objc-gc --enable-multiarch --disable-werror --with-arch-32=i686 --with-abi=m64 --with-multilib-list=m32,m64,mx32 --enable-multilib --with-tune=generic --enable-checking=release --build=x86_64-linux-gnu --host=x86_64-linux-gnu --target=x86_64-linux-gnu]
  ignore line: [Thread model: posix]
  ignore line: [gcc version 5.2.1 20151010 (Ubuntu 5.2.1-22ubuntu2) ]
  ignore line: [COMPILER_PATH=/usr/lib/gcc/x86_64-linux-gnu/5/:/usr/lib/gcc/x86_64-linux-gnu/5/:/usr/lib/gcc/x86_64-linux-gnu/:/usr/lib/gcc/x86_64-linux-gnu/5/:/usr/lib/gcc/x86_64-linux-gnu/]
  ignore line: [LIBRARY_PATH=/usr/lib/gcc/x86_64-linux-gnu/5/32/:/usr/lib/gcc/x86_64-linux-gnu/5/../../../i386-linux-gnu/:/usr/lib/gcc/x86_64-linux-gnu/5/../../../../lib32/:/lib/i386-linux-gnu/:/lib/../lib32/:/usr/lib/i386-linux-gnu/:/usr/lib/../lib32/:/usr/lib/gcc/x86_64-linux-gnu/5/:/usr/lib/gcc/x86_64-linux-gnu/5/../../../i386-linux-gnu/:/usr/lib/gcc/x86_64-linux-gnu/5/../../../:/lib/i386-linux-gnu/:/lib/:/usr/lib/i386-linux-gnu/:/usr/lib/]
  ignore line: [COLLECT_GCC_OPTIONS='-m32' '-v' '-o' 'cmTryCompileExec696293773' '-rdynamic' '-shared-libgcc' '-mtune=generic' '-march=i686']
  link line: [ /usr/lib/gcc/x86_64-linux-gnu/5/collect2 -plugin /usr/lib/gcc/x86_64-linux-gnu/5/liblto_plugin.so -plugin-opt=/usr/lib/gcc/x86_64-linux-gnu/5/lto-wrapper -plugin-opt=-fresolution=/tmp/cc0jcMfh.res -plugin-opt=-pass-through=-lgcc_s -plugin-opt=-pass-through=-lgcc -plugin-opt=-pass-through=-lc -plugin-opt=-pass-through=-lgcc_s -plugin-opt=-pass-through=-lgcc --sysroot=/ --build-id --eh-frame-hdr -m elf_i386 --hash-style=gnu --as-needed -export-dynamic -dynamic-linker /lib/ld-linux.so.2 -z relro -o cmTryCompileExec696293773 /usr/lib/gcc/x86_64-linux-gnu/5/../../../../lib32/crt1.o /usr/lib/gcc/x86_64-linux-gnu/5/../../../../lib32/crti.o /usr/lib/gcc/x86_64-linux-gnu/5/32/crtbegin.o -L/usr/lib/gcc/x86_64-linux-gnu/5/32 -L/usr/lib/gcc/x86_64-linux-gnu/5/../../../i386-linux-gnu -L/usr/lib/gcc/x86_64-linux-gnu/5/../../../../lib32 -L/lib/i386-linux-gnu -L/lib/../lib32 -L/usr/lib/i386-linux-gnu -L/usr/lib/../lib32 -L/usr/lib/gcc/x86_64-linux-gnu/5 -L/usr/lib/gcc/x86_64-linux-gnu/5/../../../i386-linux-gnu -L/usr/lib/gcc/x86_64-linux-gnu/5/../../.. -L/lib/i386-linux-gnu -L/usr/lib/i386-linux-gnu CMakeFiles/cmTryCompileExec696293773.dir/CMakeCXXCompilerABI.cpp.o -lstdc++ -lm -lgcc_s -lgcc -lc -lgcc_s -lgcc /usr/lib/gcc/x86_64-linux-gnu/5/32/crtend.o /usr/lib/gcc/x86_64-linux-gnu/5/../../../../lib32/crtn.o]
    arg [/usr/lib/gcc/x86_64-linux-gnu/5/collect2] ==> ignore
    arg [-plugin] ==> ignore
    arg [/usr/lib/gcc/x86_64-linux-gnu/5/liblto_plugin.so] ==> ignore
    arg [-plugin-opt=/usr/lib/gcc/x86_64-linux-gnu/5/lto-wrapper] ==> ignore
    arg [-plugin-opt=-fresolution=/tmp/cc0jcMfh.res] ==> ignore
    arg [-plugin-opt=-pass-through=-lgcc_s] ==> ignore
    arg [-plugin-opt=-pass-through=-lgcc] ==> ignore
    arg [-plugin-opt=-pass-through=-lc] ==> ignore
    arg [-plugin-opt=-pass-through=-lgcc_s] ==> ignore
    arg [-plugin-opt=-pass-through=-lgcc] ==> ignore
    arg [--sysroot=/] ==> ignore
    arg [--build-id] ==> ignore
    arg [--eh-frame-hdr] ==> ignore
    arg [-m] ==> ignore
    arg [elf_i386] ==> ignore
    arg [--hash-style=gnu] ==> ignore
    arg [--as-needed] ==> ignore
    arg [-export-dynamic] ==> ignore
    arg [-dynamic-linker] ==> ignore
    arg [/lib/ld-linux.so.2] ==> ignore
    arg [-zrelro] ==> ignore
    arg [-o] ==> ignore
    arg [cmTryCompileExec696293773] ==> ignore
    arg [/usr/lib/gcc/x86_64-linux-gnu/5/../../../../lib32/crt1.o] ==> ignore
    arg [/usr/lib/gcc/x86_64-linux-gnu/5/../../../../lib32/crti.o] ==> ignore
    arg [/usr/lib/gcc/x86_64-linux-gnu/5/32/crtbegin.o] ==> ignore
    arg [-L/usr/lib/gcc/x86_64-linux-gnu/5/32] ==> dir [/usr/lib/gcc/x86_64-linux-gnu/5/32]
    arg [-L/usr/lib/gcc/x86_64-linux-gnu/5/../../../i386-linux-gnu] ==> dir [/usr/lib/gcc/x86_64-linux-gnu/5/../../../i386-linux-gnu]
    arg [-L/usr/lib/gcc/x86_64-linux-gnu/5/../../../../lib32] ==> dir [/usr/lib/gcc/x86_64-linux-gnu/5/../../../../lib32]
    arg [-L/lib/i386-linux-gnu] ==> dir [/lib/i386-linux-gnu]
    arg [-L/lib/../lib32] ==> dir [/lib/../lib32]
    arg [-L/usr/lib/i386-linux-gnu] ==> dir [/usr/lib/i386-linux-gnu]
    arg [-L/usr/lib/../lib32] ==> dir [/usr/lib/../lib32]
    arg [-L/usr/lib/gcc/x86_64-linux-gnu/5] ==> dir [/usr/lib/gcc/x86_64-linux-gnu/5]
    arg [-L/usr/lib/gcc/x86_64-linux-gnu/5/../../../i386-linux-gnu] ==> dir [/usr/lib/gcc/x86_64-linux-gnu/5/../../../i386-linux-gnu]
    arg [-L/usr/lib/gcc/x86_64-linux-gnu/5/../../..] ==> dir [/usr/lib/gcc/x86_64-linux-gnu/5/../../..]
    arg [-L/lib/i386-linux-gnu] ==> dir [/lib/i386-linux-gnu]
    arg [-L/usr/lib/i386-linux-gnu] ==> dir [/usr/lib/i386-linux-gnu]
    arg [CMakeFiles/cmTryCompileExec696293773.dir/CMakeCXXCompilerABI.cpp.o] ==> ignore
    arg [-lstdc++] ==> lib [stdc++]
    arg [-lm] ==> lib [m]
    arg [-lgcc_s] ==> lib [gcc_s]
    arg [-lgcc] ==> lib [gcc]
    arg [-lc] ==> lib [c]
    arg [-lgcc_s] ==> lib [gcc_s]
    arg [-lgcc] ==> lib [gcc]
    arg [/usr/lib/gcc/x86_64-linux-gnu/5/32/crtend.o] ==> ignore
    arg [/usr/lib/gcc/x86_64-linux-gnu/5/../../../../lib32/crtn.o] ==> ignore
  remove lib [gcc_s]
  remove lib [gcc]
  remove lib [gcc_s]
  remove lib [gcc]
  collapse library dir [/usr/lib/gcc/x86_64-linux-gnu/5/32] ==> [/usr/lib/gcc/x86_64-linux-gnu/5/32]
  collapse library dir [/usr/lib/gcc/x86_64-linux-gnu/5/../../../i386-linux-gnu] ==> [/usr/lib/i386-linux-gnu]
  collapse library dir [/usr/lib/gcc/x86_64-linux-gnu/5/../../../../lib32] ==> [/usr/lib32]
  collapse library dir [/lib/i386-linux-gnu] ==> [/lib/i386-linux-gnu]
  collapse library dir [/lib/../lib32] ==> [/lib32]
  collapse library dir [/usr/lib/i386-linux-gnu] ==> [/usr/lib/i386-linux-gnu]
  collapse library dir [/usr/lib/../lib32] ==> [/usr/lib32]
  collapse library dir [/usr/lib/gcc/x86_64-linux-gnu/5] ==> [/usr/lib/gcc/x86_64-linux-gnu/5]
  collapse library dir [/usr/lib/gcc/x86_64-linux-gnu/5/../../../i386-linux-gnu] ==> [/usr/lib/i386-linux-gnu]
  collapse library dir [/usr/lib/gcc/x86_64-linux-gnu/5/../../..] ==> [/usr/lib]
  collapse library dir [/lib/i386-linux-gnu] ==> [/lib/i386-linux-gnu]
  collapse library dir [/usr/lib/i386-linux-gnu] ==> [/usr/lib/i386-linux-gnu]
  implicit libs: [stdc++;m;c]
  implicit dirs: [/usr/lib/gcc/x86_64-linux-gnu/5/32;/usr/lib/i386-linux-gnu;/usr/lib32;/lib/i386-linux-gnu;/lib32;/usr/lib/gcc/x86_64-linux-gnu/5;/usr/lib]
  implicit fwks: []




Detecting CXX [-std=c++14] compiler features compiled with the following output:
Change Dir: /home/cjmuise/Projects/FD/builds/release32/CMakeFiles/CMakeTmp

Run Build Command:"/usr/bin/make" "cmTryCompileExec1875596672/fast"
/usr/bin/make -f CMakeFiles/cmTryCompileExec1875596672.dir/build.make CMakeFiles/cmTryCompileExec1875596672.dir/build
make[1]: Entering directory '/home/cjmuise/Projects/FD/builds/release32/CMakeFiles/CMakeTmp'
/usr/bin/cmake -E cmake_progress_report /home/cjmuise/Projects/FD/builds/release32/CMakeFiles/CMakeTmp/CMakeFiles 1
Building CXX object CMakeFiles/cmTryCompileExec1875596672.dir/feature_tests.cxx.o
/usr/bin/g++    -m32    -std=c++14 -o CMakeFiles/cmTryCompileExec1875596672.dir/feature_tests.cxx.o -c /home/cjmuise/Projects/FD/builds/release32/CMakeFiles/feature_tests.cxx
Linking CXX executable cmTryCompileExec1875596672
/usr/bin/cmake -E cmake_link_script CMakeFiles/cmTryCompileExec1875596672.dir/link.txt --verbose=1
/usr/bin/g++    -m32     CMakeFiles/cmTryCompileExec1875596672.dir/feature_tests.cxx.o  -o cmTryCompileExec1875596672 -rdynamic 
make[1]: Leaving directory '/home/cjmuise/Projects/FD/builds/release32/CMakeFiles/CMakeTmp'


    Feature record: CXX_FEATURE:1cxx_aggregate_default_initializers
    Feature record: CXX_FEATURE:1cxx_alias_templates
    Feature record: CXX_FEATURE:1cxx_alignas
    Feature record: CXX_FEATURE:1cxx_alignof
    Feature record: CXX_FEATURE:1cxx_attributes
    Feature record: CXX_FEATURE:1cxx_attribute_deprecated
    Feature record: CXX_FEATURE:1cxx_auto_type
    Feature record: CXX_FEATURE:1cxx_binary_literals
    Feature record: CXX_FEATURE:1cxx_constexpr
    Feature record: CXX_FEATURE:1cxx_contextual_conversions
    Feature record: CXX_FEATURE:1cxx_decltype
    Feature record: CXX_FEATURE:1cxx_decltype_auto
    Feature record: CXX_FEATURE:1cxx_decltype_incomplete_return_types
    Feature record: CXX_FEATURE:1cxx_default_function_template_args
    Feature record: CXX_FEATURE:1cxx_defaulted_functions
    Feature record: CXX_FEATURE:1cxx_defaulted_move_initializers
    Feature record: CXX_FEATURE:1cxx_delegating_constructors
    Feature record: CXX_FEATURE:1cxx_deleted_functions
    Feature record: CXX_FEATURE:1cxx_digit_separators
    Feature record: CXX_FEATURE:1cxx_enum_forward_declarations
    Feature record: CXX_FEATURE:1cxx_explicit_conversions
    Feature record: CXX_FEATURE:1cxx_extended_friend_declarations
    Feature record: CXX_FEATURE:1cxx_extern_templates
    Feature record: CXX_FEATURE:1cxx_final
    Feature record: CXX_FEATURE:1cxx_func_identifier
    Feature record: CXX_FEATURE:1cxx_generalized_initializers
    Feature record: CXX_FEATURE:1cxx_generic_lambdas
    Feature record: CXX_FEATURE:1cxx_inheriting_constructors
    Feature record: CXX_FEATURE:1cxx_inline_namespaces
    Feature record: CXX_FEATURE:1cxx_lambdas
    Feature record: CXX_FEATURE:1cxx_lambda_init_captures
    Feature record: CXX_FEATURE:1cxx_local_type_template_args
    Feature record: CXX_FEATURE:1cxx_long_long_type
    Feature record: CXX_FEATURE:1cxx_noexcept
    Feature record: CXX_FEATURE:1cxx_nonstatic_member_init
    Feature record: CXX_FEATURE:1cxx_nullptr
    Feature record: CXX_FEATURE:1cxx_override
    Feature record: CXX_FEATURE:1cxx_range_for
    Feature record: CXX_FEATURE:1cxx_raw_string_literals
    Feature record: CXX_FEATURE:1cxx_reference_qualified_functions
    Feature record: CXX_FEATURE:1cxx_relaxed_constexpr
    Feature record: CXX_FEATURE:1cxx_return_type_deduction
    Feature record: CXX_FEATURE:1cxx_right_angle_brackets
    Feature record: CXX_FEATURE:1cxx_rvalue_references
    Feature record: CXX_FEATURE:1cxx_sizeof_member
    Feature record: CXX_FEATURE:1cxx_static_assert
    Feature record: CXX_FEATURE:1cxx_strong_enums
    Feature record: CXX_FEATURE:1cxx_template_template_parameters
    Feature record: CXX_FEATURE:1cxx_thread_local
    Feature record: CXX_FEATURE:1cxx_trailing_return_types
    Feature record: CXX_FEATURE:1cxx_unicode_literals
    Feature record: CXX_FEATURE:1cxx_uniform_initialization
    Feature record: CXX_FEATURE:1cxx_unrestricted_unions
    Feature record: CXX_FEATURE:1cxx_user_literals
    Feature record: CXX_FEATURE:1cxx_variable_templates
    Feature record: CXX_FEATURE:1cxx_variadic_macros
    Feature record: CXX_FEATURE:1cxx_variadic_templates


Detecting CXX [-std=c++11] compiler features compiled with the following output:
Change Dir: /home/cjmuise/Projects/FD/builds/release32/CMakeFiles/CMakeTmp

Run Build Command:"/usr/bin/make" "cmTryCompileExec2422818296/fast"
/usr/bin/make -f CMakeFiles/cmTryCompileExec2422818296.dir/build.make CMakeFiles/cmTryCompileExec2422818296.dir/build
make[1]: Entering directory '/home/cjmuise/Projects/FD/builds/release32/CMakeFiles/CMakeTmp'
/usr/bin/cmake -E cmake_progress_report /home/cjmuise/Projects/FD/builds/release32/CMakeFiles/CMakeTmp/CMakeFiles 1
Building CXX object CMakeFiles/cmTryCompileExec2422818296.dir/feature_tests.cxx.o
/usr/bin/g++    -m32    -std=c++11 -o CMakeFiles/cmTryCompileExec2422818296.dir/feature_tests.cxx.o -c /home/cjmuise/Projects/FD/builds/release32/CMakeFiles/feature_tests.cxx
Linking CXX executable cmTryCompileExec2422818296
/usr/bin/cmake -E cmake_link_script CMakeFiles/cmTryCompileExec2422818296.dir/link.txt --verbose=1
/usr/bin/g++    -m32     CMakeFiles/cmTryCompileExec2422818296.dir/feature_tests.cxx.o  -o cmTryCompileExec2422818296 -rdynamic 
make[1]: Leaving directory '/home/cjmuise/Projects/FD/builds/release32/CMakeFiles/CMakeTmp'


    Feature record: CXX_FEATURE:0cxx_aggregate_default_initializers
    Feature record: CXX_FEATURE:1cxx_alias_templates
    Feature record: CXX_FEATURE:1cxx_alignas
    Feature record: CXX_FEATURE:1cxx_alignof
    Feature record: CXX_FEATURE:1cxx_attributes
    Feature record: CXX_FEATURE:0cxx_attribute_deprecated
    Feature record: CXX_FEATURE:1cxx_auto_type
    Feature record: CXX_FEATURE:0cxx_binary_literals
    Feature record: CXX_FEATURE:1cxx_constexpr
    Feature record: CXX_FEATURE:0cxx_contextual_conversions
    Feature record: CXX_FEATURE:1cxx_decltype
    Feature record: CXX_FEATURE:0cxx_decltype_auto
    Feature record: CXX_FEATURE:1cxx_decltype_incomplete_return_types
    Feature record: CXX_FEATURE:1cxx_default_function_template_args
    Feature record: CXX_FEATURE:1cxx_defaulted_functions
    Feature record: CXX_FEATURE:1cxx_defaulted_move_initializers
    Feature record: CXX_FEATURE:1cxx_delegating_constructors
    Feature record: CXX_FEATURE:1cxx_deleted_functions
    Feature record: CXX_FEATURE:0cxx_digit_separators
    Feature record: CXX_FEATURE:1cxx_enum_forward_declarations
    Feature record: CXX_FEATURE:1cxx_explicit_conversions
    Feature record: CXX_FEATURE:1cxx_extended_friend_declarations
    Feature record: CXX_FEATURE:1cxx_extern_templates
    Feature record: CXX_FEATURE:1cxx_final
    Feature record: CXX_FEATURE:1cxx_func_identifier
    Feature record: CXX_FEATURE:1cxx_generalized_initializers
    Feature record: CXX_FEATURE:0cxx_generic_lambdas
    Feature record: CXX_FEATURE:1cxx_inheriting_constructors
    Feature record: CXX_FEATURE:1cxx_inline_namespaces
    Feature record: CXX_FEATURE:1cxx_lambdas
    Feature record: CXX_FEATURE:0cxx_lambda_init_captures
    Feature record: CXX_FEATURE:1cxx_local_type_template_args
    Feature record: CXX_FEATURE:1cxx_long_long_type
    Feature record: CXX_FEATURE:1cxx_noexcept
    Feature record: CXX_FEATURE:1cxx_nonstatic_member_init
    Feature record: CXX_FEATURE:1cxx_nullptr
    Feature record: CXX_FEATURE:1cxx_override
    Feature record: CXX_FEATURE:1cxx_range_for
    Feature record: CXX_FEATURE:1cxx_raw_string_literals
    Feature record: CXX_FEATURE:1cxx_reference_qualified_functions
    Feature record: CXX_FEATURE:0cxx_relaxed_constexpr
    Feature record: CXX_FEATURE:0cxx_return_type_deduction
    Feature record: CXX_FEATURE:1cxx_right_angle_brackets
    Feature record: CXX_FEATURE:1cxx_rvalue_references
    Feature record: CXX_FEATURE:1cxx_sizeof_member
    Feature record: CXX_FEATURE:1cxx_static_assert
    Feature record: CXX_FEATURE:1cxx_strong_enums
    Feature record: CXX_FEATURE:1cxx_template_template_parameters
    Feature record: CXX_FEATURE:1cxx_thread_local
    Feature record: CXX_FEATURE:1cxx_trailing_return_types
    Feature record: CXX_FEATURE:1cxx_unicode_literals
    Feature record: CXX_FEATURE:1cxx_uniform_initialization
    Feature record: CXX_FEATURE:1cxx_unrestricted_unions
    Feature record: CXX_FEATURE:1cxx_user_literals
    Feature record: CXX_FEATURE:0cxx_variable_templates
    Feature record: CXX_FEATURE:1cxx_variadic_macros
    Feature record: CXX_FEATURE:1cxx_variadic_templates


Detecting CXX [-std=c++98] compiler features compiled with the following output:
Change Dir: /home/cjmuise/Projects/FD/builds/release32/CMakeFiles/CMakeTmp

Run Build Command:"/usr/bin/make" "cmTryCompileExec888782045/fast"
/usr/bin/make -f CMakeFiles/cmTryCompileExec888782045.dir/build.make CMakeFiles/cmTryCompileExec888782045.dir/build
make[1]: Entering directory '/home/cjmuise/Projects/FD/builds/release32/CMakeFiles/CMakeTmp'
/usr/bin/cmake -E cmake_progress_report /home/cjmuise/Projects/FD/builds/release32/CMakeFiles/CMakeTmp/CMakeFiles 1
Building CXX object CMakeFiles/cmTryCompileExec888782045.dir/feature_tests.cxx.o
/usr/bin/g++    -m32    -std=c++98 -o CMakeFiles/cmTryCompileExec888782045.dir/feature_tests.cxx.o -c /home/cjmuise/Projects/FD/builds/release32/CMakeFiles/feature_tests.cxx
Linking CXX executable cmTryCompileExec888782045
/usr/bin/cmake -E cmake_link_script CMakeFiles/cmTryCompileExec888782045.dir/link.txt --verbose=1
/usr/bin/g++    -m32     CMakeFiles/cmTryCompileExec888782045.dir/feature_tests.cxx.o  -o cmTryCompileExec888782045 -rdynamic 
make[1]: Leaving directory '/home/cjmuise/Projects/FD/builds/release32/CMakeFiles/CMakeTmp'


    Feature record: CXX_FEATURE:0cxx_aggregate_default_initializers
    Feature record: CXX_FEATURE:0cxx_alias_templates
    Feature record: CXX_FEATURE:0cxx_alignas
    Feature record: CXX_FEATURE:0cxx_alignof
    Feature record: CXX_FEATURE:0cxx_attributes
    Feature record: CXX_FEATURE:0cxx_attribute_deprecated
    Feature record: CXX_FEATURE:0cxx_auto_type
    Feature record: CXX_FEATURE:0cxx_binary_literals
    Feature record: CXX_FEATURE:0cxx_constexpr
    Feature record: CXX_FEATURE:0cxx_contextual_conversions
    Feature record: CXX_FEATURE:0cxx_decltype
    Feature record: CXX_FEATURE:0cxx_decltype_auto
    Feature record: CXX_FEATURE:0cxx_decltype_incomplete_return_types
    Feature record: CXX_FEATURE:0cxx_default_function_template_args
    Feature record: CXX_FEATURE:0cxx_defaulted_functions
    Feature record: CXX_FEATURE:0cxx_defaulted_move_initializers
    Feature record: CXX_FEATURE:0cxx_delegating_constructors
    Feature record: CXX_FEATURE:0cxx_deleted_functions
    Feature record: CXX_FEATURE:0cxx_digit_separators
    Feature record: CXX_FEATURE:0cxx_enum_forward_declarations
    Feature record: CXX_FEATURE:0cxx_explicit_conversions
    Feature record: CXX_FEATURE:0cxx_extended_friend_declarations
    Feature record: CXX_FEATURE:0cxx_extern_templates
    Feature record: CXX_FEATURE:0cxx_final
    Feature record: CXX_FEATURE:0cxx_func_identifier
    Feature record: CXX_FEATURE:0cxx_generalized_initializers
    Feature record: CXX_FEATURE:0cxx_generic_lambdas
    Feature record: CXX_FEATURE:0cxx_inheriting_constructors
    Feature record: CXX_FEATURE:0cxx_inline_namespaces
    Feature record: CXX_FEATURE:0cxx_lambdas
    Feature record: CXX_FEATURE:0cxx_lambda_init_captures
    Feature record: CXX_FEATURE:0cxx_local_type_template_args
    Feature record: CXX_FEATURE:0cxx_long_long_type
    Feature record: CXX_FEATURE:0cxx_noexcept
    Feature record: CXX_FEATURE:0cxx_nonstatic_member_init
    Feature record: CXX_FEATURE:0cxx_nullptr
    Feature record: CXX_FEATURE:0cxx_override
    Feature record: CXX_FEATURE:0cxx_range_for
    Feature record: CXX_FEATURE:0cxx_raw_string_literals
    Feature record: CXX_FEATURE:0cxx_reference_qualified_functions
    Feature record: CXX_FEATURE:0cxx_relaxed_constexpr
    Feature record: CXX_FEATURE:0cxx_return_type_deduction
    Feature record: CXX_FEATURE:0cxx_right_angle_brackets
    Feature record: CXX_FEATURE:0cxx_rvalue_references
    Feature record: CXX_FEATURE:0cxx_sizeof_member
    Feature record: CXX_FEATURE:0cxx_static_assert
    Feature record: CXX_FEATURE:0cxx_strong_enums
    Feature record: CXX_FEATURE:1cxx_template_template_parameters
    Feature record: CXX_FEATURE:0cxx_thread_local
    Feature record: CXX_FEATURE:0cxx_trailing_return_types
    Feature record: CXX_FEATURE:0cxx_unicode_literals
    Feature record: CXX_FEATURE:0cxx_uniform_initialization
    Feature record: CXX_FEATURE:0cxx_unrestricted_unions
    Feature record: CXX_FEATURE:0cxx_user_literals
    Feature record: CXX_FEATURE:0cxx_variable_templates
    Feature record: CXX_FEATURE:0cxx_variadic_macros
    Feature record: CXX_FEATURE:0cxx_variadic_templates
Performing C++ SOURCE FILE Test CXX11_FOUND succeded with the following output:
Change Dir: /home/cjmuise/Projects/FD/builds/release32/CMakeFiles/CMakeTmp

Run Build Command:"/usr/bin/make" "cmTryCompileExec3234493168/fast"
/usr/bin/make -f CMakeFiles/cmTryCompileExec3234493168.dir/build.make CMakeFiles/cmTryCompileExec3234493168.dir/build
make[1]: Entering directory '/home/cjmuise/Projects/FD/builds/release32/CMakeFiles/CMakeTmp'
/usr/bin/cmake -E cmake_progress_report /home/cjmuise/Projects/FD/builds/release32/CMakeFiles/CMakeTmp/CMakeFiles 1
Building CXX object CMakeFiles/cmTryCompileExec3234493168.dir/src.cxx.o
/usr/bin/g++    -m32 -DCXX11_FOUND   -std=c++11 -o CMakeFiles/cmTryCompileExec3234493168.dir/src.cxx.o -c /home/cjmuise/Projects/FD/builds/release32/CMakeFiles/CMakeTmp/src.cxx
Linking CXX executable cmTryCompileExec3234493168
/usr/bin/cmake -E cmake_link_script CMakeFiles/cmTryCompileExec3234493168.dir/link.txt --verbose=1
/usr/bin/g++    -m32 -DCXX11_FOUND    CMakeFiles/cmTryCompileExec3234493168.dir/src.cxx.o  -o cmTryCompileExec3234493168 -rdynamic 
make[1]: Leaving directory '/home/cjmuise/Projects/FD/builds/release32/CMakeFiles/CMakeTmp'

Source file was:
int main() { return 0; }
The system is: Linux - 4.4.0-22-generic - x86_64
Compiling the C compiler identification source file "CMakeCCompilerId.c" succeeded.
Compiler: /usr/bin/gcc 
Build flags: ;-m32
Id flags: 

The output was:
0


Compilation of the C compiler identification source "CMakeCCompilerId.c" produced "a.out"

The C compiler identification is GNU, found in "/home/cjmuise/Projects/FD/builds/release32/CMakeFiles/3.5.1/CompilerIdC/a.out"

Compiling the CXX compiler identification source file "CMakeCXXCompilerId.cpp" succeeded.
Compiler: /usr/bin/g++ 
Build flags: ;-m32
Id flags: 

The output was:
0


Compilation of the CXX compiler identification source "CMakeCXXCompilerId.cpp" produced "a.out"

The CXX compiler identification is GNU, found in "/home/cjmuise/Projects/FD/builds/release32/CMakeFiles/3.5.1/CompilerIdCXX/a.out"

Determining if the C compiler works passed with the following output:
Change Dir: /home/cjmuise/Projects/FD/builds/release32/CMakeFiles/CMakeTmp

Run Build Command:"/usr/bin/make" "cmTC_5be89/fast"
/usr/bin/make -f CMakeFiles/cmTC_5be89.dir/build.make CMakeFiles/cmTC_5be89.dir/build
make[1]: Entering directory '/home/cjmuise/Projects/FD/builds/release32/CMakeFiles/CMakeTmp'
Building C object CMakeFiles/cmTC_5be89.dir/testCCompiler.c.o
/usr/bin/gcc    -m32    -o CMakeFiles/cmTC_5be89.dir/testCCompiler.c.o   -c /home/cjmuise/Projects/FD/builds/release32/CMakeFiles/CMakeTmp/testCCompiler.c
Linking C executable cmTC_5be89
/usr/bin/cmake -E cmake_link_script CMakeFiles/cmTC_5be89.dir/link.txt --verbose=1
/usr/bin/gcc   -m32     CMakeFiles/cmTC_5be89.dir/testCCompiler.c.o  -o cmTC_5be89 -rdynamic 
make[1]: Leaving directory '/home/cjmuise/Projects/FD/builds/release32/CMakeFiles/CMakeTmp'


Detecting C compiler ABI info compiled with the following output:
Change Dir: /home/cjmuise/Projects/FD/builds/release32/CMakeFiles/CMakeTmp

Run Build Command:"/usr/bin/make" "cmTC_9b8fb/fast"
/usr/bin/make -f CMakeFiles/cmTC_9b8fb.dir/build.make CMakeFiles/cmTC_9b8fb.dir/build
make[1]: Entering directory '/home/cjmuise/Projects/FD/builds/release32/CMakeFiles/CMakeTmp'
Building C object CMakeFiles/cmTC_9b8fb.dir/CMakeCCompilerABI.c.o
/usr/bin/gcc    -m32    -o CMakeFiles/cmTC_9b8fb.dir/CMakeCCompilerABI.c.o   -c /usr/share/cmake-3.5/Modules/CMakeCCompilerABI.c
Linking C executable cmTC_9b8fb
/usr/bin/cmake -E cmake_link_script CMakeFiles/cmTC_9b8fb.dir/link.txt --verbose=1
/usr/bin/gcc   -m32    -v CMakeFiles/cmTC_9b8fb.dir/CMakeCCompilerABI.c.o  -o cmTC_9b8fb -rdynamic  
Using built-in specs.
COLLECT_GCC=/usr/bin/gcc
COLLECT_LTO_WRAPPER=/usr/lib/gcc/x86_64-linux-gnu/5/lto-wrapper
Target: x86_64-linux-gnu
Configured with: ../src/configure -v --with-pkgversion='Ubuntu 5.3.1-14ubuntu2.1' --with-bugurl=file:///usr/share/doc/gcc-5/README.Bugs --enable-languages=c,ada,c++,java,go,d,fortran,objc,obj-c++ --prefix=/usr --program-suffix=-5 --enable-shared --enable-linker-build-id --libexecdir=/usr/lib --without-included-gettext --enable-threads=posix --libdir=/usr/lib --enable-nls --with-sysroot=/ --enable-clocale=gnu --enable-libstdcxx-debug --enable-libstdcxx-time=yes --with-default-libstdcxx-abi=new --enable-gnu-unique-object --disable-vtable-verify --enable-libmpx --enable-plugin --with-system-zlib --disable-browser-plugin --enable-java-awt=gtk --enable-gtk-cairo --with-java-home=/usr/lib/jvm/java-1.5.0-gcj-5-amd64/jre --enable-java-home --with-jvm-root-dir=/usr/lib/jvm/java-1.5.0-gcj-5-amd64 --with-jvm-jar-dir=/usr/lib/jvm-exports/java-1.5.0-gcj-5-amd64 --with-arch-directory=amd64 --with-ecj-jar=/usr/share/java/eclipse-ecj.jar --enable-objc-gc --enable-multiarch --disable-werror --with-arch-32=i686 --with-abi=m64 --with-multilib-list=m32,m64,mx32 --enable-multilib --with-tune=generic --enable-checking=release --build=x86_64-linux-gnu --host=x86_64-linux-gnu --target=x86_64-linux-gnu
Thread model: posix
gcc version 5.3.1 20160413 (Ubuntu 5.3.1-14ubuntu2.1) 
COMPILER_PATH=/usr/lib/gcc/x86_64-linux-gnu/5/:/usr/lib/gcc/x86_64-linux-gnu/5/:/usr/lib/gcc/x86_64-linux-gnu/:/usr/lib/gcc/x86_64-linux-gnu/5/:/usr/lib/gcc/x86_64-linux-gnu/
LIBRARY_PATH=/usr/lib/gcc/x86_64-linux-gnu/5/32/:/usr/lib/gcc/x86_64-linux-gnu/5/../../../i386-linux-gnu/:/usr/lib/gcc/x86_64-linux-gnu/5/../../../../lib32/:/lib/../lib32/:/usr/lib/i386-linux-gnu/:/usr/lib/../lib32/:/usr/lib/gcc/x86_64-linux-gnu/5/:/usr/lib/gcc/x86_64-linux-gnu/5/../../../i386-linux-gnu/:/usr/lib/gcc/x86_64-linux-gnu/5/../../../:/lib/:/usr/lib/i386-linux-gnu/:/usr/lib/
COLLECT_GCC_OPTIONS='-m32' '-v' '-o' 'cmTC_9b8fb' '-rdynamic' '-mtune=generic' '-march=i686'
 /usr/lib/gcc/x86_64-linux-gnu/5/collect2 -plugin /usr/lib/gcc/x86_64-linux-gnu/5/liblto_plugin.so -plugin-opt=/usr/lib/gcc/x86_64-linux-gnu/5/lto-wrapper -plugin-opt=-fresolution=/tmp/ccyEiFzt.res -plugin-opt=-pass-through=-lgcc -plugin-opt=-pass-through=-lgcc_s -plugin-opt=-pass-through=-lc -plugin-opt=-pass-through=-lgcc -plugin-opt=-pass-through=-lgcc_s --sysroot=/ --build-id --eh-frame-hdr -m elf_i386 --hash-style=gnu --as-needed -export-dynamic -dynamic-linker /lib/ld-linux.so.2 -z relro -o cmTC_9b8fb /usr/lib/gcc/x86_64-linux-gnu/5/../../../../lib32/crt1.o /usr/lib/gcc/x86_64-linux-gnu/5/../../../../lib32/crti.o /usr/lib/gcc/x86_64-linux-gnu/5/32/crtbegin.o -L/usr/lib/gcc/x86_64-linux-gnu/5/32 -L/usr/lib/gcc/x86_64-linux-gnu/5/../../../i386-linux-gnu -L/usr/lib/gcc/x86_64-linux-gnu/5/../../../../lib32 -L/lib/../lib32 -L/usr/lib/i386-linux-gnu -L/usr/lib/../lib32 -L/usr/lib/gcc/x86_64-linux-gnu/5 -L/usr/lib/gcc/x86_64-linux-gnu/5/../../../i386-linux-gnu -L/usr/lib/gcc/x86_64-linux-gnu/5/../../.. -L/usr/lib/i386-linux-gnu CMakeFiles/cmTC_9b8fb.dir/CMakeCCompilerABI.c.o -lgcc --as-needed -lgcc_s --no-as-needed -lc -lgcc --as-needed -lgcc_s --no-as-needed /usr/lib/gcc/x86_64-linux-gnu/5/32/crtend.o /usr/lib/gcc/x86_64-linux-gnu/5/../../../../lib32/crtn.o
make[1]: Leaving directory '/home/cjmuise/Projects/FD/builds/release32/CMakeFiles/CMakeTmp'


Parsed C implicit link information from above output:
  link line regex: [^( *|.*[/\])(ld|([^/\]+-)?ld|collect2)[^/\]*( |$)]
  ignore line: [Change Dir: /home/cjmuise/Projects/FD/builds/release32/CMakeFiles/CMakeTmp]
  ignore line: []
  ignore line: [Run Build Command:"/usr/bin/make" "cmTC_9b8fb/fast"]
  ignore line: [/usr/bin/make -f CMakeFiles/cmTC_9b8fb.dir/build.make CMakeFiles/cmTC_9b8fb.dir/build]
  ignore line: [make[1]: Entering directory '/home/cjmuise/Projects/FD/builds/release32/CMakeFiles/CMakeTmp']
  ignore line: [Building C object CMakeFiles/cmTC_9b8fb.dir/CMakeCCompilerABI.c.o]
  ignore line: [/usr/bin/gcc    -m32    -o CMakeFiles/cmTC_9b8fb.dir/CMakeCCompilerABI.c.o   -c /usr/share/cmake-3.5/Modules/CMakeCCompilerABI.c]
  ignore line: [Linking C executable cmTC_9b8fb]
  ignore line: [/usr/bin/cmake -E cmake_link_script CMakeFiles/cmTC_9b8fb.dir/link.txt --verbose=1]
  ignore line: [/usr/bin/gcc   -m32    -v CMakeFiles/cmTC_9b8fb.dir/CMakeCCompilerABI.c.o  -o cmTC_9b8fb -rdynamic  ]
  ignore line: [Using built-in specs.]
  ignore line: [COLLECT_GCC=/usr/bin/gcc]
  ignore line: [COLLECT_LTO_WRAPPER=/usr/lib/gcc/x86_64-linux-gnu/5/lto-wrapper]
  ignore line: [Target: x86_64-linux-gnu]
  ignore line: [Configured with: ../src/configure -v --with-pkgversion='Ubuntu 5.3.1-14ubuntu2.1' --with-bugurl=file:///usr/share/doc/gcc-5/README.Bugs --enable-languages=c,ada,c++,java,go,d,fortran,objc,obj-c++ --prefix=/usr --program-suffix=-5 --enable-shared --enable-linker-build-id --libexecdir=/usr/lib --without-included-gettext --enable-threads=posix --libdir=/usr/lib --enable-nls --with-sysroot=/ --enable-clocale=gnu --enable-libstdcxx-debug --enable-libstdcxx-time=yes --with-default-libstdcxx-abi=new --enable-gnu-unique-object --disable-vtable-verify --enable-libmpx --enable-plugin --with-system-zlib --disable-browser-plugin --enable-java-awt=gtk --enable-gtk-cairo --with-java-home=/usr/lib/jvm/java-1.5.0-gcj-5-amd64/jre --enable-java-home --with-jvm-root-dir=/usr/lib/jvm/java-1.5.0-gcj-5-amd64 --with-jvm-jar-dir=/usr/lib/jvm-exports/java-1.5.0-gcj-5-amd64 --with-arch-directory=amd64 --with-ecj-jar=/usr/share/java/eclipse-ecj.jar --enable-objc-gc --enable-multiarch --disable-werror --with-arch-32=i686 --with-abi=m64 --with-multilib-list=m32,m64,mx32 --enable-multilib --with-tune=generic --enable-checking=release --build=x86_64-linux-gnu --host=x86_64-linux-gnu --target=x86_64-linux-gnu]
  ignore line: [Thread model: posix]
  ignore line: [gcc version 5.3.1 20160413 (Ubuntu 5.3.1-14ubuntu2.1) ]
  ignore line: [COMPILER_PATH=/usr/lib/gcc/x86_64-linux-gnu/5/:/usr/lib/gcc/x86_64-linux-gnu/5/:/usr/lib/gcc/x86_64-linux-gnu/:/usr/lib/gcc/x86_64-linux-gnu/5/:/usr/lib/gcc/x86_64-linux-gnu/]
  ignore line: [LIBRARY_PATH=/usr/lib/gcc/x86_64-linux-gnu/5/32/:/usr/lib/gcc/x86_64-linux-gnu/5/../../../i386-linux-gnu/:/usr/lib/gcc/x86_64-linux-gnu/5/../../../../lib32/:/lib/../lib32/:/usr/lib/i386-linux-gnu/:/usr/lib/../lib32/:/usr/lib/gcc/x86_64-linux-gnu/5/:/usr/lib/gcc/x86_64-linux-gnu/5/../../../i386-linux-gnu/:/usr/lib/gcc/x86_64-linux-gnu/5/../../../:/lib/:/usr/lib/i386-linux-gnu/:/usr/lib/]
  ignore line: [COLLECT_GCC_OPTIONS='-m32' '-v' '-o' 'cmTC_9b8fb' '-rdynamic' '-mtune=generic' '-march=i686']
  link line: [ /usr/lib/gcc/x86_64-linux-gnu/5/collect2 -plugin /usr/lib/gcc/x86_64-linux-gnu/5/liblto_plugin.so -plugin-opt=/usr/lib/gcc/x86_64-linux-gnu/5/lto-wrapper -plugin-opt=-fresolution=/tmp/ccyEiFzt.res -plugin-opt=-pass-through=-lgcc -plugin-opt=-pass-through=-lgcc_s -plugin-opt=-pass-through=-lc -plugin-opt=-pass-through=-lgcc -plugin-opt=-pass-through=-lgcc_s --sysroot=/ --build-id --eh-frame-hdr -m elf_i386 --hash-style=gnu --as-needed -export-dynamic -dynamic-linker /lib/ld-linux.so.2 -z relro -o cmTC_9b8fb /usr/lib/gcc/x86_64-linux-gnu/5/../../../../lib32/crt1.o /usr/lib/gcc/x86_64-linux-gnu/5/../../../../lib32/crti.o /usr/lib/gcc/x86_64-linux-gnu/5/32/crtbegin.o -L/usr/lib/gcc/x86_64-linux-gnu/5/32 -L/usr/lib/gcc/x86_64-linux-gnu/5/../../../i386-linux-gnu -L/usr/lib/gcc/x86_64-linux-gnu/5/../../../../lib32 -L/lib/../lib32 -L/usr/lib/i386-linux-gnu -L/usr/lib/../lib32 -L/usr/lib/gcc/x86_64-linux-gnu/5 -L/usr/lib/gcc/x86_64-linux-gnu/5/../../../i386-linux-gnu -L/usr/lib/gcc/x86_64-linux-gnu/5/../../.. -L/usr/lib/i386-linux-gnu CMakeFiles/cmTC_9b8fb.dir/CMakeCCompilerABI.c.o -lgcc --as-needed -lgcc_s --no-as-needed -lc -lgcc --as-needed -lgcc_s --no-as-needed /usr/lib/gcc/x86_64-linux-gnu/5/32/crtend.o /usr/lib/gcc/x86_64-linux-gnu/5/../../../../lib32/crtn.o]
    arg [/usr/lib/gcc/x86_64-linux-gnu/5/collect2] ==> ignore
    arg [-plugin] ==> ignore
    arg [/usr/lib/gcc/x86_64-linux-gnu/5/liblto_plugin.so] ==> ignore
    arg [-plugin-opt=/usr/lib/gcc/x86_64-linux-gnu/5/lto-wrapper] ==> ignore
    arg [-plugin-opt=-fresolution=/tmp/ccyEiFzt.res] ==> ignore
    arg [-plugin-opt=-pass-through=-lgcc] ==> ignore
    arg [-plugin-opt=-pass-through=-lgcc_s] ==> ignore
    arg [-plugin-opt=-pass-through=-lc] ==> ignore
    arg [-plugin-opt=-pass-through=-lgcc] ==> ignore
    arg [-plugin-opt=-pass-through=-lgcc_s] ==> ignore
    arg [--sysroot=/] ==> ignore
    arg [--build-id] ==> ignore
    arg [--eh-frame-hdr] ==> ignore
    arg [-m] ==> ignore
    arg [elf_i386] ==> ignore
    arg [--hash-style=gnu] ==> ignore
    arg [--as-needed] ==> ignore
    arg [-export-dynamic] ==> ignore
    arg [-dynamic-linker] ==> ignore
    arg [/lib/ld-linux.so.2] ==> ignore
    arg [-zrelro] ==> ignore
    arg [-o] ==> ignore
    arg [cmTC_9b8fb] ==> ignore
    arg [/usr/lib/gcc/x86_64-linux-gnu/5/../../../../lib32/crt1.o] ==> ignore
    arg [/usr/lib/gcc/x86_64-linux-gnu/5/../../../../lib32/crti.o] ==> ignore
    arg [/usr/lib/gcc/x86_64-linux-gnu/5/32/crtbegin.o] ==> ignore
    arg [-L/usr/lib/gcc/x86_64-linux-gnu/5/32] ==> dir [/usr/lib/gcc/x86_64-linux-gnu/5/32]
    arg [-L/usr/lib/gcc/x86_64-linux-gnu/5/../../../i386-linux-gnu] ==> dir [/usr/lib/gcc/x86_64-linux-gnu/5/../../../i386-linux-gnu]
    arg [-L/usr/lib/gcc/x86_64-linux-gnu/5/../../../../lib32] ==> dir [/usr/lib/gcc/x86_64-linux-gnu/5/../../../../lib32]
    arg [-L/lib/../lib32] ==> dir [/lib/../lib32]
    arg [-L/usr/lib/i386-linux-gnu] ==> dir [/usr/lib/i386-linux-gnu]
    arg [-L/usr/lib/../lib32] ==> dir [/usr/lib/../lib32]
    arg [-L/usr/lib/gcc/x86_64-linux-gnu/5] ==> dir [/usr/lib/gcc/x86_64-linux-gnu/5]
    arg [-L/usr/lib/gcc/x86_64-linux-gnu/5/../../../i386-linux-gnu] ==> dir [/usr/lib/gcc/x86_64-linux-gnu/5/../../../i386-linux-gnu]
    arg [-L/usr/lib/gcc/x86_64-linux-gnu/5/../../..] ==> dir [/usr/lib/gcc/x86_64-linux-gnu/5/../../..]
    arg [-L/usr/lib/i386-linux-gnu] ==> dir [/usr/lib/i386-linux-gnu]
    arg [CMakeFiles/cmTC_9b8fb.dir/CMakeCCompilerABI.c.o] ==> ignore
    arg [-lgcc] ==> lib [gcc]
    arg [--as-needed] ==> ignore
    arg [-lgcc_s] ==> lib [gcc_s]
    arg [--no-as-needed] ==> ignore
    arg [-lc] ==> lib [c]
    arg [-lgcc] ==> lib [gcc]
    arg [--as-needed] ==> ignore
    arg [-lgcc_s] ==> lib [gcc_s]
    arg [--no-as-needed] ==> ignore
    arg [/usr/lib/gcc/x86_64-linux-gnu/5/32/crtend.o] ==> ignore
    arg [/usr/lib/gcc/x86_64-linux-gnu/5/../../../../lib32/crtn.o] ==> ignore
  remove lib [gcc]
  remove lib [gcc_s]
  remove lib [gcc]
  remove lib [gcc_s]
  collapse library dir [/usr/lib/gcc/x86_64-linux-gnu/5/32] ==> [/usr/lib/gcc/x86_64-linux-gnu/5/32]
  collapse library dir [/usr/lib/gcc/x86_64-linux-gnu/5/../../../i386-linux-gnu] ==> [/usr/lib/i386-linux-gnu]
  collapse library dir [/usr/lib/gcc/x86_64-linux-gnu/5/../../../../lib32] ==> [/usr/lib32]
  collapse library dir [/lib/../lib32] ==> [/lib32]
  collapse library dir [/usr/lib/i386-linux-gnu] ==> [/usr/lib/i386-linux-gnu]
  collapse library dir [/usr/lib/../lib32] ==> [/usr/lib32]
  collapse library dir [/usr/lib/gcc/x86_64-linux-gnu/5] ==> [/usr/lib/gcc/x86_64-linux-gnu/5]
  collapse library dir [/usr/lib/gcc/x86_64-linux-gnu/5/../../../i386-linux-gnu] ==> [/usr/lib/i386-linux-gnu]
  collapse library dir [/usr/lib/gcc/x86_64-linux-gnu/5/../../..] ==> [/usr/lib]
  collapse library dir [/usr/lib/i386-linux-gnu] ==> [/usr/lib/i386-linux-gnu]
  implicit libs: [c]
  implicit dirs: [/usr/lib/gcc/x86_64-linux-gnu/5/32;/usr/lib/i386-linux-gnu;/usr/lib32;/lib32;/usr/lib/gcc/x86_64-linux-gnu/5;/usr/lib]
  implicit fwks: []




Detecting C [-std=c11] compiler features compiled with the following output:
Change Dir: /home/cjmuise/Projects/FD/builds/release32/CMakeFiles/CMakeTmp

Run Build Command:"/usr/bin/make" "cmTC_41317/fast"
/usr/bin/make -f CMakeFiles/cmTC_41317.dir/build.make CMakeFiles/cmTC_41317.dir/build
make[1]: Entering directory '/home/cjmuise/Projects/FD/builds/release32/CMakeFiles/CMakeTmp'
Building C object CMakeFiles/cmTC_41317.dir/feature_tests.c.o
/usr/bin/gcc    -m32    -std=c11 -o CMakeFiles/cmTC_41317.dir/feature_tests.c.o   -c /home/cjmuise/Projects/FD/builds/release32/CMakeFiles/feature_tests.c
Linking C executable cmTC_41317
/usr/bin/cmake -E cmake_link_script CMakeFiles/cmTC_41317.dir/link.txt --verbose=1
/usr/bin/gcc   -m32     CMakeFiles/cmTC_41317.dir/feature_tests.c.o  -o cmTC_41317 -rdynamic 
make[1]: Leaving directory '/home/cjmuise/Projects/FD/builds/release32/CMakeFiles/CMakeTmp'


    Feature record: C_FEATURE:1c_function_prototypes
    Feature record: C_FEATURE:1c_restrict
    Feature record: C_FEATURE:1c_static_assert
    Feature record: C_FEATURE:1c_variadic_macros


Detecting C [-std=c99] compiler features compiled with the following output:
Change Dir: /home/cjmuise/Projects/FD/builds/release32/CMakeFiles/CMakeTmp

Run Build Command:"/usr/bin/make" "cmTC_2242c/fast"
/usr/bin/make -f CMakeFiles/cmTC_2242c.dir/build.make CMakeFiles/cmTC_2242c.dir/build
make[1]: Entering directory '/home/cjmuise/Projects/FD/builds/release32/CMakeFiles/CMakeTmp'
Building C object CMakeFiles/cmTC_2242c.dir/feature_tests.c.o
/usr/bin/gcc    -m32    -std=c99 -o CMakeFiles/cmTC_2242c.dir/feature_tests.c.o   -c /home/cjmuise/Projects/FD/builds/release32/CMakeFiles/feature_tests.c
Linking C executable cmTC_2242c
/usr/bin/cmake -E cmake_link_script CMakeFiles/cmTC_2242c.dir/link.txt --verbose=1
/usr/bin/gcc   -m32     CMakeFiles/cmTC_2242c.dir/feature_tests.c.o  -o cmTC_2242c -rdynamic 
make[1]: Leaving directory '/home/cjmuise/Projects/FD/builds/release32/CMakeFiles/CMakeTmp'


    Feature record: C_FEATURE:1c_function_prototypes
    Feature record: C_FEATURE:1c_restrict
    Feature record: C_FEATURE:0c_static_assert
    Feature record: C_FEATURE:1c_variadic_macros


Detecting C [-std=c90] compiler features compiled with the following output:
Change Dir: /home/cjmuise/Projects/FD/builds/release32/CMakeFiles/CMakeTmp

Run Build Command:"/usr/bin/make" "cmTC_2c671/fast"
/usr/bin/make -f CMakeFiles/cmTC_2c671.dir/build.make CMakeFiles/cmTC_2c671.dir/build
make[1]: Entering directory '/home/cjmuise/Projects/FD/builds/release32/CMakeFiles/CMakeTmp'
Building C object CMakeFiles/cmTC_2c671.dir/feature_tests.c.o
/usr/bin/gcc    -m32    -std=c90 -o CMakeFiles/cmTC_2c671.dir/feature_tests.c.o   -c /home/cjmuise/Projects/FD/builds/release32/CMakeFiles/feature_tests.c
Linking C executable cmTC_2c671
/usr/bin/cmake -E cmake_link_script CMakeFiles/cmTC_2c671.dir/link.txt --verbose=1
/usr/bin/gcc   -m32     CMakeFiles/cmTC_2c671.dir/feature_tests.c.o  -o cmTC_2c671 -rdynamic 
make[1]: Leaving directory '/home/cjmuise/Projects/FD/builds/release32/CMakeFiles/CMakeTmp'


    Feature record: C_FEATURE:1c_function_prototypes
    Feature record: C_FEATURE:0c_restrict
    Feature record: C_FEATURE:0c_static_assert
    Feature record: C_FEATURE:0c_variadic_macros
Determining if the CXX compiler works passed with the following output:
Change Dir: /home/cjmuise/Projects/FD/builds/release32/CMakeFiles/CMakeTmp

Run Build Command:"/usr/bin/make" "cmTC_18f12/fast"
/usr/bin/make -f CMakeFiles/cmTC_18f12.dir/build.make CMakeFiles/cmTC_18f12.dir/build
make[1]: Entering directory '/home/cjmuise/Projects/FD/builds/release32/CMakeFiles/CMakeTmp'
Building CXX object CMakeFiles/cmTC_18f12.dir/testCXXCompiler.cxx.o
/usr/bin/g++     -m32    -o CMakeFiles/cmTC_18f12.dir/testCXXCompiler.cxx.o -c /home/cjmuise/Projects/FD/builds/release32/CMakeFiles/CMakeTmp/testCXXCompiler.cxx
Linking CXX executable cmTC_18f12
/usr/bin/cmake -E cmake_link_script CMakeFiles/cmTC_18f12.dir/link.txt --verbose=1
/usr/bin/g++    -m32     CMakeFiles/cmTC_18f12.dir/testCXXCompiler.cxx.o  -o cmTC_18f12 -rdynamic 
make[1]: Leaving directory '/home/cjmuise/Projects/FD/builds/release32/CMakeFiles/CMakeTmp'


Detecting CXX compiler ABI info compiled with the following output:
Change Dir: /home/cjmuise/Projects/FD/builds/release32/CMakeFiles/CMakeTmp

Run Build Command:"/usr/bin/make" "cmTC_7ed77/fast"
/usr/bin/make -f CMakeFiles/cmTC_7ed77.dir/build.make CMakeFiles/cmTC_7ed77.dir/build
make[1]: Entering directory '/home/cjmuise/Projects/FD/builds/release32/CMakeFiles/CMakeTmp'
Building CXX object CMakeFiles/cmTC_7ed77.dir/CMakeCXXCompilerABI.cpp.o
/usr/bin/g++     -m32    -o CMakeFiles/cmTC_7ed77.dir/CMakeCXXCompilerABI.cpp.o -c /usr/share/cmake-3.5/Modules/CMakeCXXCompilerABI.cpp
Linking CXX executable cmTC_7ed77
/usr/bin/cmake -E cmake_link_script CMakeFiles/cmTC_7ed77.dir/link.txt --verbose=1
/usr/bin/g++    -m32    -v CMakeFiles/cmTC_7ed77.dir/CMakeCXXCompilerABI.cpp.o  -o cmTC_7ed77 -rdynamic  
Using built-in specs.
COLLECT_GCC=/usr/bin/g++
COLLECT_LTO_WRAPPER=/usr/lib/gcc/x86_64-linux-gnu/5/lto-wrapper
Target: x86_64-linux-gnu
Configured with: ../src/configure -v --with-pkgversion='Ubuntu 5.3.1-14ubuntu2.1' --with-bugurl=file:///usr/share/doc/gcc-5/README.Bugs --enable-languages=c,ada,c++,java,go,d,fortran,objc,obj-c++ --prefix=/usr --program-suffix=-5 --enable-shared --enable-linker-build-id --libexecdir=/usr/lib --without-included-gettext --enable-threads=posix --libdir=/usr/lib --enable-nls --with-sysroot=/ --enable-clocale=gnu --enable-libstdcxx-debug --enable-libstdcxx-time=yes --with-default-libstdcxx-abi=new --enable-gnu-unique-object --disable-vtable-verify --enable-libmpx --enable-plugin --with-system-zlib --disable-browser-plugin --enable-java-awt=gtk --enable-gtk-cairo --with-java-home=/usr/lib/jvm/java-1.5.0-gcj-5-amd64/jre --enable-java-home --with-jvm-root-dir=/usr/lib/jvm/java-1.5.0-gcj-5-amd64 --with-jvm-jar-dir=/usr/lib/jvm-exports/java-1.5.0-gcj-5-amd64 --with-arch-directory=amd64 --with-ecj-jar=/usr/share/java/eclipse-ecj.jar --enable-objc-gc --enable-multiarch --disable-werror --with-arch-32=i686 --with-abi=m64 --with-multilib-list=m32,m64,mx32 --enable-multilib --with-tune=generic --enable-checking=release --build=x86_64-linux-gnu --host=x86_64-linux-gnu --target=x86_64-linux-gnu
Thread model: posix
gcc version 5.3.1 20160413 (Ubuntu 5.3.1-14ubuntu2.1) 
COMPILER_PATH=/usr/lib/gcc/x86_64-linux-gnu/5/:/usr/lib/gcc/x86_64-linux-gnu/5/:/usr/lib/gcc/x86_64-linux-gnu/:/usr/lib/gcc/x86_64-linux-gnu/5/:/usr/lib/gcc/x86_64-linux-gnu/
LIBRARY_PATH=/usr/lib/gcc/x86_64-linux-gnu/5/32/:/usr/lib/gcc/x86_64-linux-gnu/5/../../../i386-linux-gnu/:/usr/lib/gcc/x86_64-linux-gnu/5/../../../../lib32/:/lib/../lib32/:/usr/lib/i386-linux-gnu/:/usr/lib/../lib32/:/usr/lib/gcc/x86_64-linux-gnu/5/:/usr/lib/gcc/x86_64-linux-gnu/5/../../../i386-linux-gnu/:/usr/lib/gcc/x86_64-linux-gnu/5/../../../:/lib/:/usr/lib/i386-linux-gnu/:/usr/lib/
COLLECT_GCC_OPTIONS='-m32' '-v' '-o' 'cmTC_7ed77' '-rdynamic' '-shared-libgcc' '-mtune=generic' '-march=i686'
 /usr/lib/gcc/x86_64-linux-gnu/5/collect2 -plugin /usr/lib/gcc/x86_64-linux-gnu/5/liblto_plugin.so -plugin-opt=/usr/lib/gcc/x86_64-linux-gnu/5/lto-wrapper -plugin-opt=-fresolution=/tmp/ccOH5pla.res -plugin-opt=-pass-through=-lgcc_s -plugin-opt=-pass-through=-lgcc -plugin-opt=-pass-through=-lc -plugin-opt=-pass-through=-lgcc_s -plugin-opt=-pass-through=-lgcc --sysroot=/ --build-id --eh-frame-hdr -m elf_i386 --hash-style=gnu --as-needed -export-dynamic -dynamic-linker /lib/ld-linux.so.2 -z relro -o cmTC_7ed77 /usr/lib/gcc/x86_64-linux-gnu/5/../../../../lib32/crt1.o /usr/lib/gcc/x86_64-linux-gnu/5/../../../../lib32/crti.o /usr/lib/gcc/x86_64-linux-gnu/5/32/crtbegin.o -L/usr/lib/gcc/x86_64-linux-gnu/5/32 -L/usr/lib/gcc/x86_64-linux-gnu/5/../../../i386-linux-gnu -L/usr/lib/gcc/x86_64-linux-gnu/5/../../../../lib32 -L/lib/../lib32 -L/usr/lib/i386-linux-gnu -L/usr/lib/../lib32 -L/usr/lib/gcc/x86_64-linux-gnu/5 -L/usr/lib/gcc/x86_64-linux-gnu/5/../../../i386-linux-gnu -L/usr/lib/gcc/x86_64-linux-gnu/5/../../.. -L/usr/lib/i386-linux-gnu CMakeFiles/cmTC_7ed77.dir/CMakeCXXCompilerABI.cpp.o -lstdc++ -lm -lgcc_s -lgcc -lc -lgcc_s -lgcc /usr/lib/gcc/x86_64-linux-gnu/5/32/crtend.o /usr/lib/gcc/x86_64-linux-gnu/5/../../../../lib32/crtn.o
make[1]: Leaving directory '/home/cjmuise/Projects/FD/builds/release32/CMakeFiles/CMakeTmp'


Parsed CXX implicit link information from above output:
  link line regex: [^( *|.*[/\])(ld|([^/\]+-)?ld|collect2)[^/\]*( |$)]
  ignore line: [Change Dir: /home/cjmuise/Projects/FD/builds/release32/CMakeFiles/CMakeTmp]
  ignore line: []
  ignore line: [Run Build Command:"/usr/bin/make" "cmTC_7ed77/fast"]
  ignore line: [/usr/bin/make -f CMakeFiles/cmTC_7ed77.dir/build.make CMakeFiles/cmTC_7ed77.dir/build]
  ignore line: [make[1]: Entering directory '/home/cjmuise/Projects/FD/builds/release32/CMakeFiles/CMakeTmp']
  ignore line: [Building CXX object CMakeFiles/cmTC_7ed77.dir/CMakeCXXCompilerABI.cpp.o]
  ignore line: [/usr/bin/g++     -m32    -o CMakeFiles/cmTC_7ed77.dir/CMakeCXXCompilerABI.cpp.o -c /usr/share/cmake-3.5/Modules/CMakeCXXCompilerABI.cpp]
  ignore line: [Linking CXX executable cmTC_7ed77]
  ignore line: [/usr/bin/cmake -E cmake_link_script CMakeFiles/cmTC_7ed77.dir/link.txt --verbose=1]
  ignore line: [/usr/bin/g++    -m32    -v CMakeFiles/cmTC_7ed77.dir/CMakeCXXCompilerABI.cpp.o  -o cmTC_7ed77 -rdynamic  ]
  ignore line: [Using built-in specs.]
  ignore line: [COLLECT_GCC=/usr/bin/g++]
  ignore line: [COLLECT_LTO_WRAPPER=/usr/lib/gcc/x86_64-linux-gnu/5/lto-wrapper]
  ignore line: [Target: x86_64-linux-gnu]
  ignore line: [Configured with: ../src/configure -v --with-pkgversion='Ubuntu 5.3.1-14ubuntu2.1' --with-bugurl=file:///usr/share/doc/gcc-5/README.Bugs --enable-languages=c,ada,c++,java,go,d,fortran,objc,obj-c++ --prefix=/usr --program-suffix=-5 --enable-shared --enable-linker-build-id --libexecdir=/usr/lib --without-included-gettext --enable-threads=posix --libdir=/usr/lib --enable-nls --with-sysroot=/ --enable-clocale=gnu --enable-libstdcxx-debug --enable-libstdcxx-time=yes --with-default-libstdcxx-abi=new --enable-gnu-unique-object --disable-vtable-verify --enable-libmpx --enable-plugin --with-system-zlib --disable-browser-plugin --enable-java-awt=gtk --enable-gtk-cairo --with-java-home=/usr/lib/jvm/java-1.5.0-gcj-5-amd64/jre --enable-java-home --with-jvm-root-dir=/usr/lib/jvm/java-1.5.0-gcj-5-amd64 --with-jvm-jar-dir=/usr/lib/jvm-exports/java-1.5.0-gcj-5-amd64 --with-arch-directory=amd64 --with-ecj-jar=/usr/share/java/eclipse-ecj.jar --enable-objc-gc --enable-multiarch --disable-werror --with-arch-32=i686 --with-abi=m64 --with-multilib-list=m32,m64,mx32 --enable-multilib --with-tune=generic --enable-checking=release --build=x86_64-linux-gnu --host=x86_64-linux-gnu --target=x86_64-linux-gnu]
  ignore line: [Thread model: posix]
  ignore line: [gcc version 5.3.1 20160413 (Ubuntu 5.3.1-14ubuntu2.1) ]
  ignore line: [COMPILER_PATH=/usr/lib/gcc/x86_64-linux-gnu/5/:/usr/lib/gcc/x86_64-linux-gnu/5/:/usr/lib/gcc/x86_64-linux-gnu/:/usr/lib/gcc/x86_64-linux-gnu/5/:/usr/lib/gcc/x86_64-linux-gnu/]
  ignore line: [LIBRARY_PATH=/usr/lib/gcc/x86_64-linux-gnu/5/32/:/usr/lib/gcc/x86_64-linux-gnu/5/../../../i386-linux-gnu/:/usr/lib/gcc/x86_64-linux-gnu/5/../../../../lib32/:/lib/../lib32/:/usr/lib/i386-linux-gnu/:/usr/lib/../lib32/:/usr/lib/gcc/x86_64-linux-gnu/5/:/usr/lib/gcc/x86_64-linux-gnu/5/../../../i386-linux-gnu/:/usr/lib/gcc/x86_64-linux-gnu/5/../../../:/lib/:/usr/lib/i386-linux-gnu/:/usr/lib/]
  ignore line: [COLLECT_GCC_OPTIONS='-m32' '-v' '-o' 'cmTC_7ed77' '-rdynamic' '-shared-libgcc' '-mtune=generic' '-march=i686']
  link line: [ /usr/lib/gcc/x86_64-linux-gnu/5/collect2 -plugin /usr/lib/gcc/x86_64-linux-gnu/5/liblto_plugin.so -plugin-opt=/usr/lib/gcc/x86_64-linux-gnu/5/lto-wrapper -plugin-opt=-fresolution=/tmp/ccOH5pla.res -plugin-opt=-pass-through=-lgcc_s -plugin-opt=-pass-through=-lgcc -plugin-opt=-pass-through=-lc -plugin-opt=-pass-through=-lgcc_s -plugin-opt=-pass-through=-lgcc --sysroot=/ --build-id --eh-frame-hdr -m elf_i386 --hash-style=gnu --as-needed -export-dynamic -dynamic-linker /lib/ld-linux.so.2 -z relro -o cmTC_7ed77 /usr/lib/gcc/x86_64-linux-gnu/5/../../../../lib32/crt1.o /usr/lib/gcc/x86_64-linux-gnu/5/../../../../lib32/crti.o /usr/lib/gcc/x86_64-linux-gnu/5/32/crtbegin.o -L/usr/lib/gcc/x86_64-linux-gnu/5/32 -L/usr/lib/gcc/x86_64-linux-gnu/5/../../../i386-linux-gnu -L/usr/lib/gcc/x86_64-linux-gnu/5/../../../../lib32 -L/lib/../lib32 -L/usr/lib/i386-linux-gnu -L/usr/lib/../lib32 -L/usr/lib/gcc/x86_64-linux-gnu/5 -L/usr/lib/gcc/x86_64-linux-gnu/5/../../../i386-linux-gnu -L/usr/lib/gcc/x86_64-linux-gnu/5/../../.. -L/usr/lib/i386-linux-gnu CMakeFiles/cmTC_7ed77.dir/CMakeCXXCompilerABI.cpp.o -lstdc++ -lm -lgcc_s -lgcc -lc -lgcc_s -lgcc /usr/lib/gcc/x86_64-linux-gnu/5/32/crtend.o /usr/lib/gcc/x86_64-linux-gnu/5/../../../../lib32/crtn.o]
    arg [/usr/lib/gcc/x86_64-linux-gnu/5/collect2] ==> ignore
    arg [-plugin] ==> ignore
    arg [/usr/lib/gcc/x86_64-linux-gnu/5/liblto_plugin.so] ==> ignore
    arg [-plugin-opt=/usr/lib/gcc/x86_64-linux-gnu/5/lto-wrapper] ==> ignore
    arg [-plugin-opt=-fresolution=/tmp/ccOH5pla.res] ==> ignore
    arg [-plugin-opt=-pass-through=-lgcc_s] ==> ignore
    arg [-plugin-opt=-pass-through=-lgcc] ==> ignore
    arg [-plugin-opt=-pass-through=-lc] ==> ignore
    arg [-plugin-opt=-pass-through=-lgcc_s] ==> ignore
    arg [-plugin-opt=-pass-through=-lgcc] ==> ignore
    arg [--sysroot=/] ==> ignore
    arg [--build-id] ==> ignore
    arg [--eh-frame-hdr] ==> ignore
    arg [-m] ==> ignore
    arg [elf_i386] ==> ignore
    arg [--hash-style=gnu] ==> ignore
    arg [--as-needed] ==> ignore
    arg [-export-dynamic] ==> ignore
    arg [-dynamic-linker] ==> ignore
    arg [/lib/ld-linux.so.2] ==> ignore
    arg [-zrelro] ==> ignore
    arg [-o] ==> ignore
    arg [cmTC_7ed77] ==> ignore
    arg [/usr/lib/gcc/x86_64-linux-gnu/5/../../../../lib32/crt1.o] ==> ignore
    arg [/usr/lib/gcc/x86_64-linux-gnu/5/../../../../lib32/crti.o] ==> ignore
    arg [/usr/lib/gcc/x86_64-linux-gnu/5/32/crtbegin.o] ==> ignore
    arg [-L/usr/lib/gcc/x86_64-linux-gnu/5/32] ==> dir [/usr/lib/gcc/x86_64-linux-gnu/5/32]
    arg [-L/usr/lib/gcc/x86_64-linux-gnu/5/../../../i386-linux-gnu] ==> dir [/usr/lib/gcc/x86_64-linux-gnu/5/../../../i386-linux-gnu]
    arg [-L/usr/lib/gcc/x86_64-linux-gnu/5/../../../../lib32] ==> dir [/usr/lib/gcc/x86_64-linux-gnu/5/../../../../lib32]
    arg [-L/lib/../lib32] ==> dir [/lib/../lib32]
    arg [-L/usr/lib/i386-linux-gnu] ==> dir [/usr/lib/i386-linux-gnu]
    arg [-L/usr/lib/../lib32] ==> dir [/usr/lib/../lib32]
    arg [-L/usr/lib/gcc/x86_64-linux-gnu/5] ==> dir [/usr/lib/gcc/x86_64-linux-gnu/5]
    arg [-L/usr/lib/gcc/x86_64-linux-gnu/5/../../../i386-linux-gnu] ==> dir [/usr/lib/gcc/x86_64-linux-gnu/5/../../../i386-linux-gnu]
    arg [-L/usr/lib/gcc/x86_64-linux-gnu/5/../../..] ==> dir [/usr/lib/gcc/x86_64-linux-gnu/5/../../..]
    arg [-L/usr/lib/i386-linux-gnu] ==> dir [/usr/lib/i386-linux-gnu]
    arg [CMakeFiles/cmTC_7ed77.dir/CMakeCXXCompilerABI.cpp.o] ==> ignore
    arg [-lstdc++] ==> lib [stdc++]
    arg [-lm] ==> lib [m]
    arg [-lgcc_s] ==> lib [gcc_s]
    arg [-lgcc] ==> lib [gcc]
    arg [-lc] ==> lib [c]
    arg [-lgcc_s] ==> lib [gcc_s]
    arg [-lgcc] ==> lib [gcc]
    arg [/usr/lib/gcc/x86_64-linux-gnu/5/32/crtend.o] ==> ignore
    arg [/usr/lib/gcc/x86_64-linux-gnu/5/../../../../lib32/crtn.o] ==> ignore
  remove lib [gcc_s]
  remove lib [gcc]
  remove lib [gcc_s]
  remove lib [gcc]
  collapse library dir [/usr/lib/gcc/x86_64-linux-gnu/5/32] ==> [/usr/lib/gcc/x86_64-linux-gnu/5/32]
  collapse library dir [/usr/lib/gcc/x86_64-linux-gnu/5/../../../i386-linux-gnu] ==> [/usr/lib/i386-linux-gnu]
  collapse library dir [/usr/lib/gcc/x86_64-linux-gnu/5/../../../../lib32] ==> [/usr/lib32]
  collapse library dir [/lib/../lib32] ==> [/lib32]
  collapse library dir [/usr/lib/i386-linux-gnu] ==> [/usr/lib/i386-linux-gnu]
  collapse library dir [/usr/lib/../lib32] ==> [/usr/lib32]
  collapse library dir [/usr/lib/gcc/x86_64-linux-gnu/5] ==> [/usr/lib/gcc/x86_64-linux-gnu/5]
  collapse library dir [/usr/lib/gcc/x86_64-linux-gnu/5/../../../i386-linux-gnu] ==> [/usr/lib/i386-linux-gnu]
  collapse library dir [/usr/lib/gcc/x86_64-linux-gnu/5/../../..] ==> [/usr/lib]
  collapse library dir [/usr/lib/i386-linux-gnu] ==> [/usr/lib/i386-linux-gnu]
  implicit libs: [stdc++;m;c]
  implicit dirs: [/usr/lib/gcc/x86_64-linux-gnu/5/32;/usr/lib/i386-linux-gnu;/usr/lib32;/lib32;/usr/lib/gcc/x86_64-linux-gnu/5;/usr/lib]
  implicit fwks: []




Detecting CXX [-std=c++14] compiler features compiled with the following output:
Change Dir: /home/cjmuise/Projects/FD/builds/release32/CMakeFiles/CMakeTmp

Run Build Command:"/usr/bin/make" "cmTC_83922/fast"
/usr/bin/make -f CMakeFiles/cmTC_83922.dir/build.make CMakeFiles/cmTC_83922.dir/build
make[1]: Entering directory '/home/cjmuise/Projects/FD/builds/release32/CMakeFiles/CMakeTmp'
Building CXX object CMakeFiles/cmTC_83922.dir/feature_tests.cxx.o
/usr/bin/g++     -m32    -std=c++14 -o CMakeFiles/cmTC_83922.dir/feature_tests.cxx.o -c /home/cjmuise/Projects/FD/builds/release32/CMakeFiles/feature_tests.cxx
Linking CXX executable cmTC_83922
/usr/bin/cmake -E cmake_link_script CMakeFiles/cmTC_83922.dir/link.txt --verbose=1
/usr/bin/g++    -m32     CMakeFiles/cmTC_83922.dir/feature_tests.cxx.o  -o cmTC_83922 -rdynamic 
make[1]: Leaving directory '/home/cjmuise/Projects/FD/builds/release32/CMakeFiles/CMakeTmp'


    Feature record: CXX_FEATURE:1cxx_aggregate_default_initializers
    Feature record: CXX_FEATURE:1cxx_alias_templates
    Feature record: CXX_FEATURE:1cxx_alignas
    Feature record: CXX_FEATURE:1cxx_alignof
    Feature record: CXX_FEATURE:1cxx_attributes
    Feature record: CXX_FEATURE:1cxx_attribute_deprecated
    Feature record: CXX_FEATURE:1cxx_auto_type
    Feature record: CXX_FEATURE:1cxx_binary_literals
    Feature record: CXX_FEATURE:1cxx_constexpr
    Feature record: CXX_FEATURE:1cxx_contextual_conversions
    Feature record: CXX_FEATURE:1cxx_decltype
    Feature record: CXX_FEATURE:1cxx_decltype_auto
    Feature record: CXX_FEATURE:1cxx_decltype_incomplete_return_types
    Feature record: CXX_FEATURE:1cxx_default_function_template_args
    Feature record: CXX_FEATURE:1cxx_defaulted_functions
    Feature record: CXX_FEATURE:1cxx_defaulted_move_initializers
    Feature record: CXX_FEATURE:1cxx_delegating_constructors
    Feature record: CXX_FEATURE:1cxx_deleted_functions
    Feature record: CXX_FEATURE:1cxx_digit_separators
    Feature record: CXX_FEATURE:1cxx_enum_forward_declarations
    Feature record: CXX_FEATURE:1cxx_explicit_conversions
    Feature record: CXX_FEATURE:1cxx_extended_friend_declarations
    Feature record: CXX_FEATURE:1cxx_extern_templates
    Feature record: CXX_FEATURE:1cxx_final
    Feature record: CXX_FEATURE:1cxx_func_identifier
    Feature record: CXX_FEATURE:1cxx_generalized_initializers
    Feature record: CXX_FEATURE:1cxx_generic_lambdas
    Feature record: CXX_FEATURE:1cxx_inheriting_constructors
    Feature record: CXX_FEATURE:1cxx_inline_namespaces
    Feature record: CXX_FEATURE:1cxx_lambdas
    Feature record: CXX_FEATURE:1cxx_lambda_init_captures
    Feature record: CXX_FEATURE:1cxx_local_type_template_args
    Feature record: CXX_FEATURE:1cxx_long_long_type
    Feature record: CXX_FEATURE:1cxx_noexcept
    Feature record: CXX_FEATURE:1cxx_nonstatic_member_init
    Feature record: CXX_FEATURE:1cxx_nullptr
    Feature record: CXX_FEATURE:1cxx_override
    Feature record: CXX_FEATURE:1cxx_range_for
    Feature record: CXX_FEATURE:1cxx_raw_string_literals
    Feature record: CXX_FEATURE:1cxx_reference_qualified_functions
    Feature record: CXX_FEATURE:1cxx_relaxed_constexpr
    Feature record: CXX_FEATURE:1cxx_return_type_deduction
    Feature record: CXX_FEATURE:1cxx_right_angle_brackets
    Feature record: CXX_FEATURE:1cxx_rvalue_references
    Feature record: CXX_FEATURE:1cxx_sizeof_member
    Feature record: CXX_FEATURE:1cxx_static_assert
    Feature record: CXX_FEATURE:1cxx_strong_enums
    Feature record: CXX_FEATURE:1cxx_template_template_parameters
    Feature record: CXX_FEATURE:1cxx_thread_local
    Feature record: CXX_FEATURE:1cxx_trailing_return_types
    Feature record: CXX_FEATURE:1cxx_unicode_literals
    Feature record: CXX_FEATURE:1cxx_uniform_initialization
    Feature record: CXX_FEATURE:1cxx_unrestricted_unions
    Feature record: CXX_FEATURE:1cxx_user_literals
    Feature record: CXX_FEATURE:1cxx_variable_templates
    Feature record: CXX_FEATURE:1cxx_variadic_macros
    Feature record: CXX_FEATURE:1cxx_variadic_templates


Detecting CXX [-std=c++11] compiler features compiled with the following output:
Change Dir: /home/cjmuise/Projects/FD/builds/release32/CMakeFiles/CMakeTmp

Run Build Command:"/usr/bin/make" "cmTC_3bc67/fast"
/usr/bin/make -f CMakeFiles/cmTC_3bc67.dir/build.make CMakeFiles/cmTC_3bc67.dir/build
make[1]: Entering directory '/home/cjmuise/Projects/FD/builds/release32/CMakeFiles/CMakeTmp'
Building CXX object CMakeFiles/cmTC_3bc67.dir/feature_tests.cxx.o
/usr/bin/g++     -m32    -std=c++11 -o CMakeFiles/cmTC_3bc67.dir/feature_tests.cxx.o -c /home/cjmuise/Projects/FD/builds/release32/CMakeFiles/feature_tests.cxx
Linking CXX executable cmTC_3bc67
/usr/bin/cmake -E cmake_link_script CMakeFiles/cmTC_3bc67.dir/link.txt --verbose=1
/usr/bin/g++    -m32     CMakeFiles/cmTC_3bc67.dir/feature_tests.cxx.o  -o cmTC_3bc67 -rdynamic 
make[1]: Leaving directory '/home/cjmuise/Projects/FD/builds/release32/CMakeFiles/CMakeTmp'


    Feature record: CXX_FEATURE:0cxx_aggregate_default_initializers
    Feature record: CXX_FEATURE:1cxx_alias_templates
    Feature record: CXX_FEATURE:1cxx_alignas
    Feature record: CXX_FEATURE:1cxx_alignof
    Feature record: CXX_FEATURE:1cxx_attributes
    Feature record: CXX_FEATURE:0cxx_attribute_deprecated
    Feature record: CXX_FEATURE:1cxx_auto_type
    Feature record: CXX_FEATURE:0cxx_binary_literals
    Feature record: CXX_FEATURE:1cxx_constexpr
    Feature record: CXX_FEATURE:0cxx_contextual_conversions
    Feature record: CXX_FEATURE:1cxx_decltype
    Feature record: CXX_FEATURE:0cxx_decltype_auto
    Feature record: CXX_FEATURE:1cxx_decltype_incomplete_return_types
    Feature record: CXX_FEATURE:1cxx_default_function_template_args
    Feature record: CXX_FEATURE:1cxx_defaulted_functions
    Feature record: CXX_FEATURE:1cxx_defaulted_move_initializers
    Feature record: CXX_FEATURE:1cxx_delegating_constructors
    Feature record: CXX_FEATURE:1cxx_deleted_functions
    Feature record: CXX_FEATURE:0cxx_digit_separators
    Feature record: CXX_FEATURE:1cxx_enum_forward_declarations
    Feature record: CXX_FEATURE:1cxx_explicit_conversions
    Feature record: CXX_FEATURE:1cxx_extended_friend_declarations
    Feature record: CXX_FEATURE:1cxx_extern_templates
    Feature record: CXX_FEATURE:1cxx_final
    Feature record: CXX_FEATURE:1cxx_func_identifier
    Feature record: CXX_FEATURE:1cxx_generalized_initializers
    Feature record: CXX_FEATURE:0cxx_generic_lambdas
    Feature record: CXX_FEATURE:1cxx_inheriting_constructors
    Feature record: CXX_FEATURE:1cxx_inline_namespaces
    Feature record: CXX_FEATURE:1cxx_lambdas
    Feature record: CXX_FEATURE:0cxx_lambda_init_captures
    Feature record: CXX_FEATURE:1cxx_local_type_template_args
    Feature record: CXX_FEATURE:1cxx_long_long_type
    Feature record: CXX_FEATURE:1cxx_noexcept
    Feature record: CXX_FEATURE:1cxx_nonstatic_member_init
    Feature record: CXX_FEATURE:1cxx_nullptr
    Feature record: CXX_FEATURE:1cxx_override
    Feature record: CXX_FEATURE:1cxx_range_for
    Feature record: CXX_FEATURE:1cxx_raw_string_literals
    Feature record: CXX_FEATURE:1cxx_reference_qualified_functions
    Feature record: CXX_FEATURE:0cxx_relaxed_constexpr
    Feature record: CXX_FEATURE:0cxx_return_type_deduction
    Feature record: CXX_FEATURE:1cxx_right_angle_brackets
    Feature record: CXX_FEATURE:1cxx_rvalue_references
    Feature record: CXX_FEATURE:1cxx_sizeof_member
    Feature record: CXX_FEATURE:1cxx_static_assert
    Feature record: CXX_FEATURE:1cxx_strong_enums
    Feature record: CXX_FEATURE:1cxx_template_template_parameters
    Feature record: CXX_FEATURE:1cxx_thread_local
    Feature record: CXX_FEATURE:1cxx_trailing_return_types
    Feature record: CXX_FEATURE:1cxx_unicode_literals
    Feature record: CXX_FEATURE:1cxx_uniform_initialization
    Feature record: CXX_FEATURE:1cxx_unrestricted_unions
    Feature record: CXX_FEATURE:1cxx_user_literals
    Feature record: CXX_FEATURE:0cxx_variable_templates
    Feature record: CXX_FEATURE:1cxx_variadic_macros
    Feature record: CXX_FEATURE:1cxx_variadic_templates


Detecting CXX [-std=c++98] compiler features compiled with the following output:
Change Dir: /home/cjmuise/Projects/FD/builds/release32/CMakeFiles/CMakeTmp

Run Build Command:"/usr/bin/make" "cmTC_05139/fast"
/usr/bin/make -f CMakeFiles/cmTC_05139.dir/build.make CMakeFiles/cmTC_05139.dir/build
make[1]: Entering directory '/home/cjmuise/Projects/FD/builds/release32/CMakeFiles/CMakeTmp'
Building CXX object CMakeFiles/cmTC_05139.dir/feature_tests.cxx.o
/usr/bin/g++     -m32    -std=c++98 -o CMakeFiles/cmTC_05139.dir/feature_tests.cxx.o -c /home/cjmuise/Projects/FD/builds/release32/CMakeFiles/feature_tests.cxx
Linking CXX executable cmTC_05139
/usr/bin/cmake -E cmake_link_script CMakeFiles/cmTC_05139.dir/link.txt --verbose=1
/usr/bin/g++    -m32     CMakeFiles/cmTC_05139.dir/feature_tests.cxx.o  -o cmTC_05139 -rdynamic 
make[1]: Leaving directory '/home/cjmuise/Projects/FD/builds/release32/CMakeFiles/CMakeTmp'


    Feature record: CXX_FEATURE:0cxx_aggregate_default_initializers
    Feature record: CXX_FEATURE:0cxx_alias_templates
    Feature record: CXX_FEATURE:0cxx_alignas
    Feature record: CXX_FEATURE:0cxx_alignof
    Feature record: CXX_FEATURE:0cxx_attributes
    Feature record: CXX_FEATURE:0cxx_attribute_deprecated
    Feature record: CXX_FEATURE:0cxx_auto_type
    Feature record: CXX_FEATURE:0cxx_binary_literals
    Feature record: CXX_FEATURE:0cxx_constexpr
    Feature record: CXX_FEATURE:0cxx_contextual_conversions
    Feature record: CXX_FEATURE:0cxx_decltype
    Feature record: CXX_FEATURE:0cxx_decltype_auto
    Feature record: CXX_FEATURE:0cxx_decltype_incomplete_return_types
    Feature record: CXX_FEATURE:0cxx_default_function_template_args
    Feature record: CXX_FEATURE:0cxx_defaulted_functions
    Feature record: CXX_FEATURE:0cxx_defaulted_move_initializers
    Feature record: CXX_FEATURE:0cxx_delegating_constructors
    Feature record: CXX_FEATURE:0cxx_deleted_functions
    Feature record: CXX_FEATURE:0cxx_digit_separators
    Feature record: CXX_FEATURE:0cxx_enum_forward_declarations
    Feature record: CXX_FEATURE:0cxx_explicit_conversions
    Feature record: CXX_FEATURE:0cxx_extended_friend_declarations
    Feature record: CXX_FEATURE:0cxx_extern_templates
    Feature record: CXX_FEATURE:0cxx_final
    Feature record: CXX_FEATURE:0cxx_func_identifier
    Feature record: CXX_FEATURE:0cxx_generalized_initializers
    Feature record: CXX_FEATURE:0cxx_generic_lambdas
    Feature record: CXX_FEATURE:0cxx_inheriting_constructors
    Feature record: CXX_FEATURE:0cxx_inline_namespaces
    Feature record: CXX_FEATURE:0cxx_lambdas
    Feature record: CXX_FEATURE:0cxx_lambda_init_captures
    Feature record: CXX_FEATURE:0cxx_local_type_template_args
    Feature record: CXX_FEATURE:0cxx_long_long_type
    Feature record: CXX_FEATURE:0cxx_noexcept
    Feature record: CXX_FEATURE:0cxx_nonstatic_member_init
    Feature record: CXX_FEATURE:0cxx_nullptr
    Feature record: CXX_FEATURE:0cxx_override
    Feature record: CXX_FEATURE:0cxx_range_for
    Feature record: CXX_FEATURE:0cxx_raw_string_literals
    Feature record: CXX_FEATURE:0cxx_reference_qualified_functions
    Feature record: CXX_FEATURE:0cxx_relaxed_constexpr
    Feature record: CXX_FEATURE:0cxx_return_type_deduction
    Feature record: CXX_FEATURE:0cxx_right_angle_brackets
    Feature record: CXX_FEATURE:0cxx_rvalue_references
    Feature record: CXX_FEATURE:0cxx_sizeof_member
    Feature record: CXX_FEATURE:0cxx_static_assert
    Feature record: CXX_FEATURE:0cxx_strong_enums
    Feature record: CXX_FEATURE:1cxx_template_template_parameters
    Feature record: CXX_FEATURE:0cxx_thread_local
    Feature record: CXX_FEATURE:0cxx_trailing_return_types
    Feature record: CXX_FEATURE:0cxx_unicode_literals
    Feature record: CXX_FEATURE:0cxx_uniform_initialization
    Feature record: CXX_FEATURE:0cxx_unrestricted_unions
    Feature record: CXX_FEATURE:0cxx_user_literals
    Feature record: CXX_FEATURE:0cxx_variable_templates
    Feature record: CXX_FEATURE:0cxx_variadic_macros
    Feature record: CXX_FEATURE:0cxx_variadic_templates
